TN:
SF:src/core/MarketingPostGeneratorServer.ts
FN:53,(anonymous_0)
FN:58,(anonymous_1)
FN:63,(anonymous_2)
FN:65,(anonymous_3)
FN:66,(anonymous_4)
FN:69,(anonymous_5)
FN:77,(anonymous_6)
FN:84,(anonymous_7)
FN:94,(anonymous_8)
FN:125,(anonymous_9)
FN:129,(anonymous_10)
FN:133,(anonymous_11)
FN:165,(anonymous_12)
FN:178,(anonymous_13)
FN:183,(anonymous_14)
FN:186,(anonymous_15)
FN:207,(anonymous_16)
FN:232,(anonymous_17)
FN:242,(anonymous_18)
FN:263,(anonymous_19)
FN:272,(anonymous_20)
FN:273,(anonymous_21)
FN:283,(anonymous_22)
FN:303,(anonymous_23)
FN:312,(anonymous_24)
FN:322,(anonymous_25)
FN:337,(anonymous_26)
FN:339,(anonymous_27)
FN:345,(anonymous_28)
FN:399,(anonymous_29)
FN:407,(anonymous_30)
FN:425,(anonymous_31)
FN:435,(anonymous_32)
FN:453,(anonymous_33)
FN:455,(anonymous_34)
FN:461,(anonymous_35)
FN:505,(anonymous_36)
FN:513,(anonymous_37)
FN:527,(anonymous_38)
FN:540,(anonymous_39)
FNF:40
FNH:0
FNDA:0,(anonymous_0)
FNDA:0,(anonymous_1)
FNDA:0,(anonymous_2)
FNDA:0,(anonymous_3)
FNDA:0,(anonymous_4)
FNDA:0,(anonymous_5)
FNDA:0,(anonymous_6)
FNDA:0,(anonymous_7)
FNDA:0,(anonymous_8)
FNDA:0,(anonymous_9)
FNDA:0,(anonymous_10)
FNDA:0,(anonymous_11)
FNDA:0,(anonymous_12)
FNDA:0,(anonymous_13)
FNDA:0,(anonymous_14)
FNDA:0,(anonymous_15)
FNDA:0,(anonymous_16)
FNDA:0,(anonymous_17)
FNDA:0,(anonymous_18)
FNDA:0,(anonymous_19)
FNDA:0,(anonymous_20)
FNDA:0,(anonymous_21)
FNDA:0,(anonymous_22)
FNDA:0,(anonymous_23)
FNDA:0,(anonymous_24)
FNDA:0,(anonymous_25)
FNDA:0,(anonymous_26)
FNDA:0,(anonymous_27)
FNDA:0,(anonymous_28)
FNDA:0,(anonymous_29)
FNDA:0,(anonymous_30)
FNDA:0,(anonymous_31)
FNDA:0,(anonymous_32)
FNDA:0,(anonymous_33)
FNDA:0,(anonymous_34)
FNDA:0,(anonymous_35)
FNDA:0,(anonymous_36)
FNDA:0,(anonymous_37)
FNDA:0,(anonymous_38)
FNDA:0,(anonymous_39)
DA:44,0
DA:51,0
DA:53,0
DA:54,0
DA:55,0
DA:59,0
DA:60,0
DA:65,0
DA:66,0
DA:69,0
DA:70,0
DA:74,0
DA:77,0
DA:79,0
DA:83,0
DA:84,0
DA:87,0
DA:89,0
DA:95,0
DA:97,0
DA:115,0
DA:116,0
DA:118,0
DA:120,0
DA:121,0
DA:126,0
DA:130,0
DA:135,0
DA:138,0
DA:152,0
DA:153,0
DA:156,0
DA:158,0
DA:166,0
DA:168,0
DA:169,0
DA:171,0
DA:172,0
DA:174,0
DA:179,0
DA:182,0
DA:183,0
DA:187,0
DA:192,0
DA:193,0
DA:195,0
DA:196,0
DA:199,0
DA:202,0
DA:204,0
DA:208,0
DA:211,0
DA:218,0
DA:219,0
DA:229,0
DA:232,0
DA:233,0
DA:242,0
DA:243,0
DA:244,0
DA:245,0
DA:248,0
DA:249,0
DA:251,0
DA:254,0
DA:255,0
DA:260,0
DA:264,0
DA:265,0
DA:267,0
DA:269,0
DA:270,0
DA:272,0
DA:273,0
DA:274,0
DA:280,0
DA:283,0
DA:284,0
DA:285,0
DA:290,0
DA:293,0
DA:298,0
DA:299,0
DA:304,0
DA:306,0
DA:312,0
DA:313,0
DA:317,0
DA:318,0
DA:319,0
DA:320,0
DA:322,0
DA:335,0
DA:337,0
DA:339,0
DA:340,0
DA:345,0
DA:346,0
DA:349,0
DA:350,0
DA:351,0
DA:352,0
DA:353,0
DA:370,0
DA:371,0
DA:372,0
DA:375,0
DA:378,0
DA:381,0
DA:383,0
DA:398,0
DA:399,0
DA:402,0
DA:403,0
DA:408,0
DA:410,0
DA:411,0
DA:414,0
DA:425,0
DA:426,0
DA:430,0
DA:431,0
DA:432,0
DA:433,0
DA:436,0
DA:437,0
DA:451,0
DA:453,0
DA:455,0
DA:456,0
DA:461,0
DA:462,0
DA:465,0
DA:466,0
DA:467,0
DA:468,0
DA:469,0
DA:481,0
DA:482,0
DA:483,0
DA:487,0
DA:492,0
DA:494,0
DA:504,0
DA:505,0
DA:508,0
DA:509,0
DA:514,0
DA:515,0
DA:521,0
DA:532,0
DA:533,0
DA:534,0
DA:537,0
DA:541,0
DA:542,0
DA:545,0
DA:548,0
DA:549,0
DA:555,0
DA:557,0
DA:558,0
LF:162
LH:0
BRDA:107,0,0,0
BRDA:107,0,1,0
BRDA:141,1,0,0
BRDA:141,1,1,0
BRDA:166,2,0,0
BRDA:166,2,1,0
BRDA:166,2,2,0
BRDA:179,3,0,0
BRDA:179,3,1,0
BRDA:183,4,0,0
BRDA:183,4,1,0
BRDA:184,5,0,0
BRDA:184,5,1,0
BRDA:185,6,0,0
BRDA:185,6,1,0
BRDA:192,7,0,0
BRDA:192,7,1,0
BRDA:195,8,0,0
BRDA:195,8,1,0
BRDA:218,9,0,0
BRDA:218,9,1,0
BRDA:237,10,0,0
BRDA:237,10,1,0
BRDA:243,11,0,0
BRDA:243,11,1,0
BRDA:252,12,0,0
BRDA:252,12,1,0
BRDA:254,13,0,0
BRDA:254,13,1,0
BRDA:267,14,0,0
BRDA:267,14,1,0
BRDA:267,15,0,0
BRDA:267,15,1,0
BRDA:269,16,0,0
BRDA:269,16,1,0
BRDA:270,17,0,0
BRDA:270,17,1,0
BRDA:277,18,0,0
BRDA:277,18,1,0
BRDA:278,19,0,0
BRDA:278,19,1,0
BRDA:317,20,0,0
BRDA:317,20,1,0
BRDA:335,21,0,0
BRDA:335,21,1,0
BRDA:349,22,0,0
BRDA:349,22,1,0
BRDA:351,23,0,0
BRDA:351,23,1,0
BRDA:371,24,0,0
BRDA:371,24,1,0
BRDA:430,25,0,0
BRDA:430,25,1,0
BRDA:451,26,0,0
BRDA:451,26,1,0
BRDA:465,27,0,0
BRDA:465,27,1,0
BRDA:467,28,0,0
BRDA:467,28,1,0
BRDA:482,29,0,0
BRDA:482,29,1,0
BRDA:514,30,0,0
BRDA:514,30,1,0
BRDA:515,31,0,0
BRDA:515,31,1,0
BRDA:516,32,0,0
BRDA:516,32,1,0
BRDA:516,32,2,0
BRDA:516,32,3,0
BRDA:532,33,0,0
BRDA:532,33,1,0
BRDA:548,34,0,0
BRDA:548,34,1,0
BRF:73
BRH:0
end_of_record
TN:
SF:src/core/container/DIContainer.ts
FN:11,(anonymous_0)
FN:21,(anonymous_1)
FN:45,(anonymous_2)
FN:52,(anonymous_3)
FN:61,(anonymous_4)
FNF:5
FNH:0
FNDA:0,(anonymous_0)
FNDA:0,(anonymous_1)
FNDA:0,(anonymous_2)
FNDA:0,(anonymous_3)
FNDA:0,(anonymous_4)
DA:4,0
DA:5,0
DA:6,0
DA:12,0
DA:13,0
DA:14,0
DA:23,0
DA:24,0
DA:27,0
DA:28,0
DA:29,0
DA:32,0
DA:35,0
DA:36,0
DA:39,0
DA:46,0
DA:53,0
DA:54,0
DA:55,0
DA:62,0
LF:20
LH:0
BRDA:11,0,0,0
BRDA:13,1,0,0
BRDA:13,1,1,0
BRDA:23,2,0,0
BRDA:23,2,1,0
BRDA:23,3,0,0
BRDA:23,3,1,0
BRDA:28,4,0,0
BRDA:28,4,1,0
BRDA:35,5,0,0
BRDA:35,5,1,0
BRF:11
BRH:0
end_of_record
TN:
SF:src/core/errors/BaseError.ts
FN:9,(anonymous_0)
FN:22,(anonymous_1)
FN:35,(anonymous_2)
FN:50,(anonymous_3)
FN:54,(anonymous_4)
FN:58,(anonymous_5)
FN:93,(anonymous_6)
FNF:7
FNH:0
FNDA:0,(anonymous_0)
FNDA:0,(anonymous_1)
FNDA:0,(anonymous_2)
FNDA:0,(anonymous_3)
FNDA:0,(anonymous_4)
FNDA:0,(anonymous_5)
FNDA:0,(anonymous_6)
DA:11,0
DA:12,0
DA:15,0
DA:16,0
DA:17,0
DA:18,0
DA:19,0
DA:23,0
DA:36,0
DA:37,0
DA:43,0
DA:44,0
DA:45,0
DA:47,0
DA:51,0
DA:55,0
DA:59,0
DA:65,0
DA:66,0
DA:70,0
DA:71,0
DA:75,0
DA:76,0
DA:80,0
DA:81,0
DA:85,0
DA:86,0
DA:90,0
DA:91,0
DA:95,0
DA:98,0
DA:103,0
DA:104,0
DA:108,0
DA:109,0
DA:113,0
DA:114,0
DA:118,0
DA:119,0
DA:123,0
DA:124,0
LF:41
LH:0
BRDA:13,0,0,0
BRDA:44,1,0,0
BRDA:44,1,1,0
BRDA:51,2,0,0
BRDA:51,2,1,0
BRDA:55,3,0,0
BRDA:55,3,1,0
BRDA:55,3,2,0
BRF:8
BRH:0
end_of_record
TN:
SF:src/core/errors/ErrorHandler.ts
FN:22,(anonymous_0)
FN:26,(anonymous_1)
FN:59,(anonymous_2)
FN:69,(anonymous_3)
FN:84,(anonymous_4)
FN:104,(anonymous_5)
FN:130,(anonymous_6)
FN:145,(anonymous_7)
FN:155,(anonymous_8)
FN:190,(anonymous_9)
FNF:10
FNH:0
FNDA:0,(anonymous_0)
FNDA:0,(anonymous_1)
FNDA:0,(anonymous_2)
FNDA:0,(anonymous_3)
FNDA:0,(anonymous_4)
FNDA:0,(anonymous_5)
FNDA:0,(anonymous_6)
FNDA:0,(anonymous_7)
FNDA:0,(anonymous_8)
FNDA:0,(anonymous_9)
DA:23,0
DA:36,0
DA:39,0
DA:42,0
DA:43,0
DA:47,0
DA:48,0
DA:52,0
DA:53,0
DA:56,0
DA:60,0
DA:62,0
DA:66,0
DA:71,0
DA:79,0
DA:81,0
DA:86,0
DA:92,0
DA:99,0
DA:101,0
DA:105,0
DA:112,0
DA:114,0
DA:115,0
DA:117,0
DA:118,0
DA:120,0
DA:121,0
DA:123,0
DA:124,0
DA:126,0
DA:133,0
DA:148,0
DA:156,0
DA:157,0
DA:163,0
DA:166,0
DA:168,0
DA:173,0
DA:175,0
DA:176,0
DA:179,0
DA:184,0
DA:187,0
DA:191,0
DA:192,0
DA:195,0
DA:196,0
LF:48
LH:0
BRDA:28,0,0,0
BRDA:29,1,0,0
BRDA:32,2,0,0
BRDA:33,3,0,0
BRDA:34,4,0,0
BRDA:35,5,0,0
BRDA:42,6,0,0
BRDA:42,6,1,0
BRDA:47,7,0,0
BRDA:47,7,1,0
BRDA:52,8,0,0
BRDA:52,8,1,0
BRDA:52,9,0,0
BRDA:52,9,1,0
BRDA:60,10,0,0
BRDA:60,10,1,0
BRDA:93,11,0,0
BRDA:93,11,1,0
BRDA:112,12,0,0
BRDA:112,12,1,0
BRDA:112,12,2,0
BRDA:112,12,3,0
BRDA:112,12,4,0
BRDA:156,13,0,0
BRDA:156,13,1,0
BRDA:157,14,0,0
BRDA:157,14,1,0
BRDA:157,14,2,0
BRDA:157,14,3,0
BRDA:157,14,4,0
BRDA:157,14,5,0
BRDA:157,14,6,0
BRDA:157,14,7,0
BRDA:175,15,0,0
BRDA:175,15,1,0
BRDA:175,16,0,0
BRDA:175,16,1,0
BRDA:179,17,0,0
BRDA:179,17,1,0
BRDA:180,18,0,0
BRDA:180,18,1,0
BRDA:180,18,2,0
BRDA:191,19,0,0
BRDA:191,19,1,0
BRDA:192,20,0,0
BRDA:192,20,1,0
BRDA:192,20,2,0
BRDA:197,21,0,0
BRDA:197,21,1,0
BRDA:197,21,2,0
BRDA:197,21,3,0
BRF:51
BRH:0
end_of_record
TN:
SF:src/core/errors/ErrorReporter.ts
FN:40,(anonymous_0)
FN:59,(anonymous_1)
FN:98,(anonymous_2)
FN:107,(anonymous_3)
FN:115,(anonymous_4)
FN:133,(anonymous_5)
FN:142,(anonymous_6)
FN:158,(anonymous_7)
FN:172,(anonymous_8)
FN:176,(anonymous_9)
FN:181,(anonymous_10)
FN:182,(anonymous_11)
FN:185,(anonymous_12)
FN:186,(anonymous_13)
FN:189,(anonymous_14)
FN:190,(anonymous_15)
FN:193,(anonymous_16)
FN:203,(anonymous_17)
FN:220,(anonymous_18)
FN:224,(anonymous_19)
FN:228,(anonymous_20)
FN:230,(anonymous_21)
FN:233,(anonymous_22)
FN:252,(anonymous_23)
FN:257,(anonymous_24)
FN:268,(anonymous_25)
FN:278,(anonymous_26)
FNF:27
FNH:0
FNDA:0,(anonymous_0)
FNDA:0,(anonymous_1)
FNDA:0,(anonymous_2)
FNDA:0,(anonymous_3)
FNDA:0,(anonymous_4)
FNDA:0,(anonymous_5)
FNDA:0,(anonymous_6)
FNDA:0,(anonymous_7)
FNDA:0,(anonymous_8)
FNDA:0,(anonymous_9)
FNDA:0,(anonymous_10)
FNDA:0,(anonymous_11)
FNDA:0,(anonymous_12)
FNDA:0,(anonymous_13)
FNDA:0,(anonymous_14)
FNDA:0,(anonymous_15)
FNDA:0,(anonymous_16)
FNDA:0,(anonymous_17)
FNDA:0,(anonymous_18)
FNDA:0,(anonymous_19)
FNDA:0,(anonymous_20)
FNDA:0,(anonymous_21)
FNDA:0,(anonymous_22)
FNDA:0,(anonymous_23)
FNDA:0,(anonymous_24)
FNDA:0,(anonymous_25)
FNDA:0,(anonymous_26)
DA:41,0
DA:42,0
DA:50,0
DA:66,0
DA:68,0
DA:85,0
DA:86,0
DA:90,0
DA:93,0
DA:95,0
DA:100,0
DA:101,0
DA:104,0
DA:108,0
DA:109,0
DA:112,0
DA:117,0
DA:120,0
DA:121,0
DA:124,0
DA:125,0
DA:129,0
DA:134,0
DA:137,0
DA:138,0
DA:143,0
DA:145,0
DA:159,0
DA:162,0
DA:164,0
DA:166,0
DA:168,0
DA:173,0
DA:177,0
DA:178,0
DA:182,0
DA:186,0
DA:190,0
DA:194,0
DA:215,0
DA:216,0
DA:217,0
DA:219,0
DA:220,0
DA:223,0
DA:224,0
DA:227,0
DA:228,0
DA:230,0
DA:232,0
DA:233,0
DA:236,0
DA:238,0
DA:253,0
DA:256,0
DA:257,0
DA:260,0
DA:261,0
DA:267,0
DA:268,0
DA:270,0
DA:271,0
DA:277,0
DA:278,0
DA:280,0
DA:281,0
DA:287,0
DA:288,0
DA:289,0
DA:294,0
LF:70
LH:0
BRDA:40,0,0,0
BRDA:76,1,0,0
BRDA:76,1,1,0
BRDA:85,2,0,0
BRDA:85,2,1,0
BRDA:100,3,0,0
BRDA:100,3,1,0
BRDA:100,4,0,0
BRDA:100,4,1,0
BRDA:108,5,0,0
BRDA:108,5,1,0
BRDA:121,6,0,0
BRDA:121,6,1,0
BRDA:126,7,0,0
BRDA:126,7,1,0
BRDA:130,8,0,0
BRDA:130,8,1,0
BRDA:137,9,0,0
BRDA:137,9,1,0
BRDA:137,10,0,0
BRDA:137,10,1,0
BRDA:159,11,0,0
BRDA:159,11,1,0
BRDA:159,11,2,0
BRDA:159,11,3,0
BRDA:159,11,4,0
BRDA:177,12,0,0
BRDA:177,12,1,0
BRDA:177,12,2,0
BRDA:190,13,0,0
BRDA:190,13,1,0
BRDA:260,14,0,0
BRDA:260,14,1,0
BRDA:270,15,0,0
BRDA:270,15,1,0
BRDA:280,16,0,0
BRDA:280,16,1,0
BRDA:287,17,0,0
BRDA:287,17,1,0
BRDA:288,18,0,0
BRDA:288,18,1,0
BRF:41
BRH:0
end_of_record
TN:
SF:src/core/errors/McpErrorWrapper.ts
FN:50,(anonymous_0)
FN:73,(anonymous_1)
FN:129,(anonymous_2)
FN:191,(anonymous_3)
FN:205,(anonymous_4)
FN:261,(anonymous_5)
FN:313,(anonymous_6)
FN:317,(anonymous_7)
FN:321,(anonymous_8)
FN:412,(anonymous_9)
FN:444,(anonymous_10)
FN:448,(anonymous_11)
FN:452,(anonymous_12)
FN:453,(anonymous_13)
FN:459,(anonymous_14)
FN:511,createMcpErrorWrapper
FN:520,createErrorHandlingDecorator
FN:525,(anonymous_17)
FN:528,(anonymous_18)
FN:541,(anonymous_19)
FN:549,withToolErrorHandling
FN:554,withPromptErrorHandling
FNF:22
FNH:0
FNDA:0,(anonymous_0)
FNDA:0,(anonymous_1)
FNDA:0,(anonymous_2)
FNDA:0,(anonymous_3)
FNDA:0,(anonymous_4)
FNDA:0,(anonymous_5)
FNDA:0,(anonymous_6)
FNDA:0,(anonymous_7)
FNDA:0,(anonymous_8)
FNDA:0,(anonymous_9)
FNDA:0,(anonymous_10)
FNDA:0,(anonymous_11)
FNDA:0,(anonymous_12)
FNDA:0,(anonymous_13)
FNDA:0,(anonymous_14)
FNDA:0,createMcpErrorWrapper
FNDA:0,createErrorHandlingDecorator
FNDA:0,(anonymous_17)
FNDA:0,(anonymous_18)
FNDA:0,(anonymous_19)
FNDA:0,withToolErrorHandling
FNDA:0,withPromptErrorHandling
DA:51,0
DA:52,0
DA:53,0
DA:74,0
DA:76,0
DA:77,0
DA:84,0
DA:86,0
DA:87,0
DA:94,0
DA:96,0
DA:100,0
DA:105,0
DA:112,0
DA:125,0
DA:133,0
DA:135,0
DA:136,0
DA:143,0
DA:145,0
DA:146,0
DA:153,0
DA:155,0
DA:159,0
DA:164,0
DA:174,0
DA:187,0
DA:205,0
DA:206,0
DA:208,0
DA:210,0
DA:211,0
DA:212,0
DA:213,0
DA:221,0
DA:223,0
DA:225,0
DA:226,0
DA:228,0
DA:236,0
DA:237,0
DA:241,0
DA:251,0
DA:258,0
DA:266,0
DA:267,0
DA:268,0
DA:271,0
DA:273,0
DA:276,0
DA:277,0
DA:281,0
DA:282,0
DA:286,0
DA:287,0
DA:291,0
DA:292,0
DA:296,0
DA:297,0
DA:302,0
DA:303,0
DA:306,0
DA:307,0
DA:310,0
DA:314,0
DA:318,0
DA:323,0
DA:324,0
DA:334,0
DA:335,0
DA:345,0
DA:346,0
DA:356,0
DA:357,0
DA:367,0
DA:368,0
DA:379,0
DA:380,0
DA:383,0
DA:384,0
DA:385,0
DA:390,0
DA:393,0
DA:395,0
DA:398,0
DA:400,0
DA:402,0
DA:413,0
DA:422,0
DA:424,0
DA:425,0
DA:427,0
DA:428,0
DA:431,0
DA:432,0
DA:434,0
DA:435,0
DA:437,0
DA:438,0
DA:441,0
DA:445,0
DA:449,0
DA:453,0
DA:461,0
DA:472,0
DA:475,0
DA:477,0
DA:478,0
DA:481,0
DA:482,0
DA:485,0
DA:487,0
DA:492,0
DA:494,0
DA:497,0
DA:498,0
DA:501,0
DA:502,0
DA:506,0
DA:516,0
DA:525,0
DA:526,0
DA:528,0
DA:529,0
DA:537,0
DA:541,0
DA:544,0
DA:550,0
DA:555,0
LF:129
LH:0
BRDA:100,0,0,0
BRDA:100,0,1,0
BRDA:159,1,0,0
BRDA:159,1,1,0
BRDA:194,2,0,0
BRDA:202,3,0,0
BRDA:203,4,0,0
BRDA:204,5,0,0
BRDA:205,6,0,0
BRDA:212,7,0,0
BRDA:212,7,1,0
BRDA:223,8,0,0
BRDA:223,8,1,0
BRDA:225,9,0,0
BRDA:225,9,1,0
BRDA:225,10,0,0
BRDA:225,10,1,0
BRDA:266,11,0,0
BRDA:266,11,1,0
BRDA:267,12,0,0
BRDA:267,12,1,0
BRDA:271,13,0,0
BRDA:271,13,1,0
BRDA:276,14,0,0
BRDA:276,14,1,0
BRDA:281,15,0,0
BRDA:281,15,1,0
BRDA:286,16,0,0
BRDA:286,16,1,0
BRDA:291,17,0,0
BRDA:291,17,1,0
BRDA:296,18,0,0
BRDA:296,18,1,0
BRDA:302,19,0,0
BRDA:302,19,1,0
BRDA:302,20,0,0
BRDA:302,20,1,0
BRDA:306,21,0,0
BRDA:306,21,1,0
BRDA:306,22,0,0
BRDA:306,22,1,0
BRDA:323,23,0,0
BRDA:323,23,1,0
BRDA:334,24,0,0
BRDA:334,24,1,0
BRDA:345,25,0,0
BRDA:345,25,1,0
BRDA:345,26,0,0
BRDA:345,26,1,0
BRDA:356,27,0,0
BRDA:356,27,1,0
BRDA:367,28,0,0
BRDA:367,28,1,0
BRDA:379,29,0,0
BRDA:379,29,1,0
BRDA:384,30,0,0
BRDA:384,30,1,0
BRDA:422,31,0,0
BRDA:422,31,1,0
BRDA:422,31,2,0
BRDA:422,31,3,0
BRDA:422,31,4,0
BRDA:422,31,5,0
BRDA:461,32,0,0
BRDA:461,32,1,0
BRDA:462,33,0,0
BRDA:462,33,1,0
BRDA:462,33,2,0
BRDA:462,33,3,0
BRDA:462,33,4,0
BRDA:462,33,5,0
BRDA:462,33,6,0
BRDA:462,33,7,0
BRDA:462,33,8,0
BRDA:477,34,0,0
BRDA:477,34,1,0
BRDA:481,35,0,0
BRDA:481,35,1,0
BRDA:485,36,0,0
BRDA:485,36,1,0
BRDA:487,37,0,0
BRDA:487,37,1,0
BRDA:488,38,0,0
BRDA:488,38,1,0
BRDA:488,38,2,0
BRDA:497,39,0,0
BRDA:497,39,1,0
BRDA:501,40,0,0
BRDA:501,40,1,0
BRDA:530,41,0,0
BRDA:530,41,1,0
BRDA:531,42,0,0
BRDA:531,42,1,0
BRDA:537,43,0,0
BRDA:537,43,1,0
BRF:95
BRH:0
end_of_record
TN:
SF:src/core/middleware/LoggingMiddleware.ts
FN:40,(anonymous_0)
FN:54,(anonymous_1)
FN:55,(anonymous_2)
FN:76,(anonymous_3)
FN:84,(anonymous_4)
FN:93,(anonymous_5)
FN:102,(anonymous_6)
FN:103,(anonymous_7)
FN:106,(anonymous_8)
FN:110,(anonymous_9)
FN:142,(anonymous_10)
FN:175,(anonymous_11)
FN:185,(anonymous_12)
FN:200,(anonymous_13)
FN:221,(anonymous_14)
FN:239,(anonymous_15)
FN:251,createLoggingMiddleware
FNF:17
FNH:0
FNDA:0,(anonymous_0)
FNDA:0,(anonymous_1)
FNDA:0,(anonymous_2)
FNDA:0,(anonymous_3)
FNDA:0,(anonymous_4)
FNDA:0,(anonymous_5)
FNDA:0,(anonymous_6)
FNDA:0,(anonymous_7)
FNDA:0,(anonymous_8)
FNDA:0,(anonymous_9)
FNDA:0,(anonymous_10)
FNDA:0,(anonymous_11)
FNDA:0,(anonymous_12)
FNDA:0,(anonymous_13)
FNDA:0,(anonymous_14)
FNDA:0,(anonymous_15)
FNDA:0,createLoggingMiddleware
DA:41,0
DA:42,0
DA:55,0
DA:56,0
DA:57,0
DA:60,0
DA:63,0
DA:64,0
DA:68,0
DA:71,0
DA:72,0
DA:74,0
DA:76,0
DA:77,0
DA:78,0
DA:79,0
DA:81,0
DA:84,0
DA:85,0
DA:86,0
DA:87,0
DA:89,0
DA:93,0
DA:94,0
DA:95,0
DA:98,0
DA:103,0
DA:107,0
DA:111,0
DA:119,0
DA:120,0
DA:121,0
DA:124,0
DA:125,0
DA:126,0
DA:130,0
DA:131,0
DA:135,0
DA:136,0
DA:139,0
DA:148,0
DA:155,0
DA:156,0
DA:157,0
DA:161,0
DA:162,0
DA:166,0
DA:167,0
DA:171,0
DA:172,0
DA:176,0
DA:186,0
DA:188,0
DA:189,0
DA:190,0
DA:191,0
DA:193,0
DA:197,0
DA:201,0
DA:204,0
DA:205,0
DA:207,0
DA:208,0
DA:210,0
DA:211,0
DA:213,0
DA:217,0
DA:218,0
DA:221,0
DA:222,0
DA:223,0
DA:228,0
DA:229,0
DA:230,0
DA:233,0
DA:236,0
DA:240,0
DA:241,0
DA:242,0
DA:243,0
DA:245,0
DA:252,0
DA:253,0
LF:83
LH:0
BRDA:40,0,0,0
BRDA:57,1,0,0
BRDA:57,1,1,0
BRDA:63,2,0,0
BRDA:63,2,1,0
BRDA:77,3,0,0
BRDA:77,3,1,0
BRDA:85,4,0,0
BRDA:85,4,1,0
BRDA:103,5,0,0
BRDA:103,5,1,0
BRDA:120,6,0,0
BRDA:120,6,1,0
BRDA:125,7,0,0
BRDA:125,7,1,0
BRDA:130,8,0,0
BRDA:130,8,1,0
BRDA:135,9,0,0
BRDA:135,9,1,0
BRDA:135,10,0,0
BRDA:135,10,1,0
BRDA:156,11,0,0
BRDA:156,11,1,0
BRDA:161,12,0,0
BRDA:161,12,1,0
BRDA:166,13,0,0
BRDA:166,13,1,0
BRDA:166,14,0,0
BRDA:166,14,1,0
BRDA:177,15,0,0
BRDA:177,15,1,0
BRDA:177,15,2,0
BRDA:177,15,3,0
BRDA:177,15,4,0
BRDA:190,16,0,0
BRDA:190,16,1,0
BRDA:193,17,0,0
BRDA:193,17,1,0
BRDA:201,18,0,0
BRDA:201,18,1,0
BRDA:204,19,0,0
BRDA:204,19,1,0
BRDA:205,20,0,0
BRDA:205,20,1,0
BRDA:205,21,0,0
BRDA:205,21,1,0
BRDA:207,22,0,0
BRDA:207,22,1,0
BRDA:217,23,0,0
BRDA:217,23,1,0
BRDA:222,24,0,0
BRDA:222,24,1,0
BRDA:229,25,0,0
BRDA:229,25,1,0
BRDA:229,26,0,0
BRDA:229,26,1,0
BRDA:240,27,0,0
BRDA:240,27,1,0
BRDA:242,28,0,0
BRDA:242,28,1,0
BRF:60
BRH:0
end_of_record
TN:
SF:src/core/middleware/RateLimitMiddleware.ts
FN:22,(anonymous_0)
FN:25,(anonymous_1)
FN:33,(anonymous_2)
FN:34,(anonymous_3)
FN:82,(anonymous_4)
FN:97,(anonymous_5)
FN:115,createRateLimitMiddleware
FN:123,createStrictRateLimitMiddleware
FN:130,createGenerousRateLimitMiddleware
FN:138,createPathSpecificRateLimit
FN:142,(anonymous_10)
FN:146,(anonymous_11)
FN:168,createUserRateLimit
FN:174,(anonymous_13)
FN:182,createApiKeyRateLimit
FN:188,(anonymous_15)
FNF:16
FNH:0
FNDA:0,(anonymous_0)
FNDA:0,(anonymous_1)
FNDA:0,(anonymous_2)
FNDA:0,(anonymous_3)
FNDA:0,(anonymous_4)
FNDA:0,(anonymous_5)
FNDA:0,createRateLimitMiddleware
FNDA:0,createStrictRateLimitMiddleware
FNDA:0,createGenerousRateLimitMiddleware
FNDA:0,createPathSpecificRateLimit
FNDA:0,(anonymous_10)
FNDA:0,(anonymous_11)
FNDA:0,createUserRateLimit
FNDA:0,(anonymous_13)
FNDA:0,createApiKeyRateLimit
FNDA:0,(anonymous_15)
DA:23,0
DA:24,0
DA:25,0
DA:34,0
DA:35,0
DA:36,0
DA:37,0
DA:40,0
DA:42,0
DA:44,0
DA:47,0
DA:48,0
DA:52,0
DA:62,0
DA:63,0
DA:66,0
DA:73,0
DA:75,0
DA:77,0
DA:85,0
DA:92,0
DA:94,0
DA:98,0
DA:100,0
DA:101,0
DA:102,0
DA:105,0
DA:107,0
DA:108,0
DA:109,0
DA:119,0
DA:120,0
DA:124,0
DA:131,0
DA:142,0
DA:143,0
DA:146,0
DA:147,0
DA:149,0
DA:150,0
DA:152,0
DA:155,0
DA:156,0
DA:157,0
DA:158,0
DA:162,0
DA:163,0
DA:172,0
DA:175,0
DA:176,0
DA:186,0
DA:189,0
DA:190,0
LF:53
LH:0
BRDA:42,0,0,0
BRDA:42,0,1,0
BRDA:47,1,0,0
BRDA:47,1,1,0
BRDA:53,2,0,0
BRDA:53,2,1,0
BRDA:62,3,0,0
BRDA:62,3,1,0
BRDA:85,4,0,0
BRDA:85,4,1,0
BRDA:85,4,2,0
BRDA:85,4,3,0
BRDA:85,4,4,0
BRDA:94,5,0,0
BRDA:94,5,1,0
BRDA:98,6,0,0
BRDA:98,6,1,0
BRDA:105,7,0,0
BRDA:105,7,1,0
BRDA:119,8,0,0
BRDA:119,8,1,0
BRDA:147,9,0,0
BRDA:147,9,1,0
BRDA:155,10,0,0
BRDA:155,10,1,0
BRDA:170,11,0,0
BRDA:176,12,0,0
BRDA:176,12,1,0
BRDA:184,13,0,0
BRDA:189,14,0,0
BRDA:189,14,1,0
BRDA:190,15,0,0
BRDA:190,15,1,0
BRF:33
BRH:0
end_of_record
TN:
SF:src/core/middleware/RequestIdMiddleware.ts
FN:14,(anonymous_0)
FN:17,(anonymous_1)
FN:24,(anonymous_2)
FN:25,(anonymous_3)
FN:50,createRequestIdMiddleware
FN:56,getRequestId
FN:61,getRequestIdFromResponse
FNF:7
FNH:0
FNDA:0,(anonymous_0)
FNDA:0,(anonymous_1)
FNDA:0,(anonymous_2)
FNDA:0,(anonymous_3)
FNDA:0,createRequestIdMiddleware
FNDA:0,getRequestId
FNDA:0,getRequestIdFromResponse
DA:15,0
DA:17,0
DA:25,0
DA:27,0
DA:29,0
DA:30,0
DA:34,0
DA:37,0
DA:38,0
DA:42,0
DA:44,0
DA:51,0
DA:52,0
DA:57,0
DA:62,0
LF:15
LH:0
BRDA:14,0,0,0
BRDA:29,1,0,0
BRDA:29,1,1,0
BRDA:37,2,0,0
BRDA:37,2,1,0
BRF:5
BRH:0
end_of_record
TN:
SF:src/core/registry/DiscoveryService.ts
FN:47,(anonymous_0)
FN:54,(anonymous_1)
FN:106,(anonymous_2)
FN:121,(anonymous_3)
FN:136,(anonymous_4)
FN:151,(anonymous_5)
FN:167,(anonymous_6)
FN:181,(anonymous_7)
FN:189,(anonymous_8)
FN:207,(anonymous_9)
FN:221,(anonymous_10)
FN:228,(anonymous_11)
FN:229,(anonymous_12)
FN:233,(anonymous_13)
FN:234,(anonymous_14)
FN:243,(anonymous_15)
FN:267,(anonymous_16)
FN:269,(anonymous_17)
FN:302,(anonymous_18)
FN:303,(anonymous_19)
FN:312,(anonymous_20)
FN:344,(anonymous_21)
FN:355,(anonymous_22)
FN:359,(anonymous_23)
FN:383,(anonymous_24)
FN:384,(anonymous_25)
FN:404,(anonymous_26)
FN:417,(anonymous_27)
FN:418,(anonymous_28)
FNF:29
FNH:0
FNDA:0,(anonymous_0)
FNDA:0,(anonymous_1)
FNDA:0,(anonymous_2)
FNDA:0,(anonymous_3)
FNDA:0,(anonymous_4)
FNDA:0,(anonymous_5)
FNDA:0,(anonymous_6)
FNDA:0,(anonymous_7)
FNDA:0,(anonymous_8)
FNDA:0,(anonymous_9)
FNDA:0,(anonymous_10)
FNDA:0,(anonymous_11)
FNDA:0,(anonymous_12)
FNDA:0,(anonymous_13)
FNDA:0,(anonymous_14)
FNDA:0,(anonymous_15)
FNDA:0,(anonymous_16)
FNDA:0,(anonymous_17)
FNDA:0,(anonymous_18)
FNDA:0,(anonymous_19)
FNDA:0,(anonymous_20)
FNDA:0,(anonymous_21)
FNDA:0,(anonymous_22)
FNDA:0,(anonymous_23)
FNDA:0,(anonymous_24)
FNDA:0,(anonymous_25)
FNDA:0,(anonymous_26)
FNDA:0,(anonymous_27)
FNDA:0,(anonymous_28)
DA:48,0
DA:60,0
DA:62,0
DA:63,0
DA:66,0
DA:67,0
DA:71,0
DA:74,0
DA:77,0
DA:78,0
DA:79,0
DA:80,0
DA:83,0
DA:86,0
DA:89,0
DA:91,0
DA:112,0
DA:127,0
DA:142,0
DA:157,0
DA:158,0
DA:173,0
DA:174,0
DA:176,0
DA:181,0
DA:182,0
DA:186,0
DA:187,0
DA:189,0
DA:190,0
DA:191,0
DA:193,0
DA:197,0
DA:212,0
DA:225,0
DA:228,0
DA:229,0
DA:233,0
DA:234,0
DA:237,0
DA:256,0
DA:261,0
DA:262,0
DA:263,0
DA:264,0
DA:265,0
DA:267,0
DA:268,0
DA:269,0
DA:270,0
DA:272,0
DA:273,0
DA:274,0
DA:276,0
DA:277,0
DA:281,0
DA:282,0
DA:288,0
DA:303,0
DA:305,0
DA:306,0
DA:310,0
DA:311,0
DA:312,0
DA:313,0
DA:314,0
DA:319,0
DA:320,0
DA:324,0
DA:325,0
DA:329,0
DA:330,0
DA:331,0
DA:332,0
DA:340,0
DA:341,0
DA:342,0
DA:343,0
DA:344,0
DA:346,0
DA:347,0
DA:351,0
DA:356,0
DA:357,0
DA:359,0
DA:360,0
DA:362,0
DA:364,0
DA:365,0
DA:367,0
DA:368,0
DA:370,0
DA:371,0
DA:373,0
DA:374,0
DA:376,0
DA:379,0
DA:384,0
DA:385,0
DA:394,0
DA:395,0
DA:397,0
DA:400,0
DA:409,0
DA:414,0
DA:415,0
DA:417,0
DA:418,0
DA:419,0
DA:420,0
DA:424,0
LF:111
LH:0
BRDA:48,0,0,0
BRDA:48,0,1,0
BRDA:57,1,0,0
BRDA:62,2,0,0
BRDA:62,2,1,0
BRDA:62,3,0,0
BRDA:62,3,1,0
BRDA:62,3,2,0
BRDA:66,4,0,0
BRDA:66,4,1,0
BRDA:66,5,0,0
BRDA:66,5,1,0
BRDA:66,5,2,0
BRDA:78,6,0,0
BRDA:78,6,1,0
BRDA:79,7,0,0
BRDA:79,7,1,0
BRDA:110,8,0,0
BRDA:125,9,0,0
BRDA:140,10,0,0
BRDA:155,11,0,0
BRDA:170,12,0,0
BRDA:171,13,0,0
BRDA:182,14,0,0
BRDA:182,14,1,0
BRDA:190,15,0,0
BRDA:190,15,1,0
BRDA:210,16,0,0
BRDA:268,17,0,0
BRDA:268,17,1,0
BRDA:270,18,0,0
BRDA:270,18,1,0
BRDA:276,19,0,0
BRDA:276,19,1,0
BRDA:281,20,0,0
BRDA:281,20,1,0
BRDA:305,21,0,0
BRDA:305,21,1,0
BRDA:305,22,0,0
BRDA:305,22,1,0
BRDA:305,22,2,0
BRDA:310,23,0,0
BRDA:310,23,1,0
BRDA:310,24,0,0
BRDA:310,24,1,0
BRDA:311,25,0,0
BRDA:311,25,1,0
BRDA:313,26,0,0
BRDA:313,26,1,0
BRDA:319,27,0,0
BRDA:319,27,1,0
BRDA:319,28,0,0
BRDA:319,28,1,0
BRDA:324,29,0,0
BRDA:324,29,1,0
BRDA:324,30,0,0
BRDA:324,30,1,0
BRDA:329,31,0,0
BRDA:329,31,1,0
BRDA:331,32,0,0
BRDA:331,32,1,0
BRDA:340,33,0,0
BRDA:340,33,1,0
BRDA:344,34,0,0
BRDA:344,34,1,0
BRDA:346,35,0,0
BRDA:346,35,1,0
BRDA:346,36,0,0
BRDA:346,36,1,0
BRDA:346,36,2,0
BRDA:356,37,0,0
BRDA:356,37,1,0
BRDA:357,38,0,0
BRDA:357,38,1,0
BRDA:362,39,0,0
BRDA:362,39,1,0
BRDA:362,39,2,0
BRDA:362,39,3,0
BRDA:362,39,4,0
BRDA:379,40,0,0
BRDA:379,40,1,0
BRDA:390,41,0,0
BRDA:390,41,1,0
BRDA:391,42,0,0
BRDA:391,42,1,0
BRDA:394,43,0,0
BRDA:394,43,1,0
BRDA:419,44,0,0
BRDA:419,44,1,0
BRF:89
BRH:0
end_of_record
TN:
SF:src/core/registry/RegistryFactory.ts
FN:39,(anonymous_0)
FN:46,(anonymous_1)
FN:54,(anonymous_2)
FN:61,(anonymous_3)
FN:68,(anonymous_4)
FN:76,(anonymous_5)
FN:85,(anonymous_6)
FN:93,(anonymous_7)
FN:103,(anonymous_8)
FN:118,(anonymous_9)
FN:125,(anonymous_10)
FN:132,(anonymous_11)
FN:143,(anonymous_12)
FN:158,(anonymous_13)
FN:185,(anonymous_14)
FN:196,(anonymous_15)
FN:211,(anonymous_16)
FN:222,(anonymous_17)
FN:237,(anonymous_18)
FN:244,(anonymous_19)
FN:246,(anonymous_20)
FN:259,(anonymous_21)
FN:268,(anonymous_22)
FN:280,(anonymous_23)
FN:296,(anonymous_24)
FN:309,(anonymous_25)
FN:317,(anonymous_26)
FNF:27
FNH:0
FNDA:0,(anonymous_0)
FNDA:0,(anonymous_1)
FNDA:0,(anonymous_2)
FNDA:0,(anonymous_3)
FNDA:0,(anonymous_4)
FNDA:0,(anonymous_5)
FNDA:0,(anonymous_6)
FNDA:0,(anonymous_7)
FNDA:0,(anonymous_8)
FNDA:0,(anonymous_9)
FNDA:0,(anonymous_10)
FNDA:0,(anonymous_11)
FNDA:0,(anonymous_12)
FNDA:0,(anonymous_13)
FNDA:0,(anonymous_14)
FNDA:0,(anonymous_15)
FNDA:0,(anonymous_16)
FNDA:0,(anonymous_17)
FNDA:0,(anonymous_18)
FNDA:0,(anonymous_19)
FNDA:0,(anonymous_20)
FNDA:0,(anonymous_21)
FNDA:0,(anonymous_22)
FNDA:0,(anonymous_23)
FNDA:0,(anonymous_24)
FNDA:0,(anonymous_25)
FNDA:0,(anonymous_26)
DA:12,0
DA:37,0
DA:40,0
DA:47,0
DA:48,0
DA:52,0
DA:54,0
DA:59,0
DA:61,0
DA:66,0
DA:68,0
DA:73,0
DA:74,0
DA:76,0
DA:82,0
DA:83,0
DA:85,0
DA:91,0
DA:93,0
DA:97,0
DA:104,0
DA:108,0
DA:112,0
DA:119,0
DA:126,0
DA:133,0
DA:137,0
DA:144,0
DA:159,0
DA:176,0
DA:186,0
DA:187,0
DA:190,0
DA:197,0
DA:198,0
DA:201,0
DA:202,0
DA:205,0
DA:212,0
DA:213,0
DA:216,0
DA:223,0
DA:224,0
DA:227,0
DA:228,0
DA:231,0
DA:238,0
DA:246,0
DA:247,0
DA:253,0
DA:260,0
DA:261,0
DA:262,0
DA:272,0
DA:273,0
DA:274,0
DA:281,0
DA:282,0
DA:290,0
DA:297,0
DA:298,0
DA:301,0
DA:302,0
DA:310,0
DA:311,0
DA:314,0
DA:317,0
DA:319,0
LF:68
LH:0
BRDA:46,0,0,0
BRDA:47,1,0,0
BRDA:47,1,1,0
BRDA:73,2,0,0
BRDA:73,2,1,0
BRDA:82,3,0,0
BRDA:82,3,1,0
BRDA:104,4,0,0
BRDA:104,4,1,0
BRDA:108,5,0,0
BRDA:108,5,1,0
BRDA:133,6,0,0
BRDA:133,6,1,0
BRDA:143,7,0,0
BRDA:158,8,0,0
BRDA:186,9,0,0
BRDA:186,9,1,0
BRDA:197,10,0,0
BRDA:197,10,1,0
BRDA:201,11,0,0
BRDA:201,11,1,0
BRDA:212,12,0,0
BRDA:212,12,1,0
BRDA:223,13,0,0
BRDA:223,13,1,0
BRDA:227,14,0,0
BRDA:227,14,1,0
BRDA:247,15,0,0
BRDA:247,15,1,0
BRDA:297,16,0,0
BRDA:297,16,1,0
BRDA:297,17,0,0
BRDA:297,17,1,0
BRDA:301,18,0,0
BRDA:301,18,1,0
BRDA:301,19,0,0
BRDA:301,19,1,0
BRDA:310,20,0,0
BRDA:310,20,1,0
BRF:39
BRH:0
end_of_record
TN:
SF:src/core/registry/RegistryValidator.ts
FN:22,(anonymous_0)
FN:69,(anonymous_1)
FN:116,(anonymous_2)
FN:159,(anonymous_3)
FN:187,(anonymous_4)
FN:204,(anonymous_5)
FN:239,(anonymous_6)
FN:279,(anonymous_7)
FN:313,(anonymous_8)
FN:346,(anonymous_9)
FN:357,(anonymous_10)
FN:373,(anonymous_11)
FN:387,(anonymous_12)
FN:402,(anonymous_13)
FN:436,(anonymous_14)
FN:445,(anonymous_15)
FNF:16
FNH:0
FNDA:0,(anonymous_0)
FNDA:0,(anonymous_1)
FNDA:0,(anonymous_2)
FNDA:0,(anonymous_3)
FNDA:0,(anonymous_4)
FNDA:0,(anonymous_5)
FNDA:0,(anonymous_6)
FNDA:0,(anonymous_7)
FNDA:0,(anonymous_8)
FNDA:0,(anonymous_9)
FNDA:0,(anonymous_10)
FNDA:0,(anonymous_11)
FNDA:0,(anonymous_12)
FNDA:0,(anonymous_13)
FNDA:0,(anonymous_14)
FNDA:0,(anonymous_15)
DA:13,0
DA:14,0
DA:15,0
DA:16,0
DA:17,0
DA:23,0
DA:24,0
DA:27,0
DA:28,0
DA:29,0
DA:32,0
DA:33,0
DA:34,0
DA:38,0
DA:39,0
DA:40,0
DA:43,0
DA:44,0
DA:48,0
DA:49,0
DA:53,0
DA:54,0
DA:55,0
DA:56,0
DA:59,0
DA:70,0
DA:71,0
DA:74,0
DA:75,0
DA:76,0
DA:79,0
DA:80,0
DA:81,0
DA:85,0
DA:86,0
DA:87,0
DA:90,0
DA:91,0
DA:95,0
DA:96,0
DA:100,0
DA:101,0
DA:102,0
DA:103,0
DA:106,0
DA:117,0
DA:118,0
DA:121,0
DA:122,0
DA:125,0
DA:126,0
DA:129,0
DA:130,0
DA:134,0
DA:135,0
DA:136,0
DA:137,0
DA:141,0
DA:142,0
DA:144,0
DA:145,0
DA:146,0
DA:149,0
DA:160,0
DA:161,0
DA:164,0
DA:165,0
DA:168,0
DA:169,0
DA:172,0
DA:173,0
DA:177,0
DA:178,0
DA:179,0
DA:180,0
DA:184,0
DA:185,0
DA:187,0
DA:188,0
DA:189,0
DA:190,0
DA:194,0
DA:205,0
DA:206,0
DA:209,0
DA:210,0
DA:214,0
DA:215,0
DA:216,0
DA:220,0
DA:221,0
DA:225,0
DA:226,0
DA:229,0
DA:240,0
DA:241,0
DA:244,0
DA:245,0
DA:248,0
DA:249,0
DA:252,0
DA:253,0
DA:257,0
DA:258,0
DA:259,0
DA:260,0
DA:261,0
DA:266,0
DA:267,0
DA:270,0
DA:280,0
DA:281,0
DA:284,0
DA:285,0
DA:288,0
DA:289,0
DA:292,0
DA:293,0
DA:297,0
DA:298,0
DA:300,0
DA:301,0
DA:302,0
DA:306,0
DA:307,0
DA:310,0
DA:311,0
DA:312,0
DA:313,0
DA:314,0
DA:315,0
DA:320,0
DA:321,0
DA:324,0
DA:325,0
DA:329,0
DA:330,0
DA:333,0
DA:334,0
DA:335,0
DA:336,0
DA:339,0
DA:347,0
DA:348,0
DA:351,0
DA:352,0
DA:353,0
DA:357,0
DA:358,0
DA:359,0
DA:364,0
DA:365,0
DA:369,0
DA:370,0
DA:371,0
DA:373,0
DA:374,0
DA:375,0
DA:376,0
DA:383,0
DA:384,0
DA:385,0
DA:387,0
DA:388,0
DA:389,0
DA:395,0
DA:403,0
DA:404,0
DA:406,0
DA:407,0
DA:408,0
DA:412,0
DA:413,0
DA:416,0
DA:417,0
DA:420,0
DA:421,0
DA:425,0
DA:426,0
DA:429,0
DA:437,0
DA:438,0
DA:440,0
DA:441,0
DA:442,0
DA:445,0
DA:446,0
DA:447,0
DA:448,0
DA:449,0
DA:454,0
DA:455,0
DA:456,0
DA:459,0
LF:194
LH:0
BRDA:32,0,0,0
BRDA:32,0,1,0
BRDA:43,1,0,0
BRDA:43,1,1,0
BRDA:43,2,0,0
BRDA:43,2,1,0
BRDA:48,3,0,0
BRDA:48,3,1,0
BRDA:48,4,0,0
BRDA:48,4,1,0
BRDA:53,5,0,0
BRDA:53,5,1,0
BRDA:79,6,0,0
BRDA:79,6,1,0
BRDA:90,7,0,0
BRDA:90,7,1,0
BRDA:90,8,0,0
BRDA:90,8,1,0
BRDA:95,9,0,0
BRDA:95,9,1,0
BRDA:95,10,0,0
BRDA:95,10,1,0
BRDA:100,11,0,0
BRDA:100,11,1,0
BRDA:121,12,0,0
BRDA:121,12,1,0
BRDA:121,13,0,0
BRDA:121,13,1,0
BRDA:125,14,0,0
BRDA:125,14,1,0
BRDA:129,15,0,0
BRDA:129,15,1,0
BRDA:134,16,0,0
BRDA:134,16,1,0
BRDA:134,17,0,0
BRDA:134,17,1,0
BRDA:136,18,0,0
BRDA:136,18,1,0
BRDA:141,19,0,0
BRDA:141,19,1,0
BRDA:164,20,0,0
BRDA:164,20,1,0
BRDA:164,21,0,0
BRDA:164,21,1,0
BRDA:168,22,0,0
BRDA:168,22,1,0
BRDA:172,23,0,0
BRDA:172,23,1,0
BRDA:177,24,0,0
BRDA:177,24,1,0
BRDA:177,25,0,0
BRDA:177,25,1,0
BRDA:179,26,0,0
BRDA:179,26,1,0
BRDA:184,27,0,0
BRDA:184,27,1,0
BRDA:184,28,0,0
BRDA:184,28,1,0
BRDA:209,29,0,0
BRDA:209,29,1,0
BRDA:209,30,0,0
BRDA:209,30,1,0
BRDA:215,31,0,0
BRDA:215,31,1,0
BRDA:220,32,0,0
BRDA:220,32,1,0
BRDA:225,33,0,0
BRDA:225,33,1,0
BRDA:244,34,0,0
BRDA:244,34,1,0
BRDA:244,35,0,0
BRDA:244,35,1,0
BRDA:248,36,0,0
BRDA:248,36,1,0
BRDA:248,37,0,0
BRDA:248,37,1,0
BRDA:252,38,0,0
BRDA:252,38,1,0
BRDA:252,39,0,0
BRDA:252,39,1,0
BRDA:257,40,0,0
BRDA:257,40,1,0
BRDA:258,41,0,0
BRDA:258,41,1,0
BRDA:260,42,0,0
BRDA:260,42,1,0
BRDA:266,43,0,0
BRDA:266,43,1,0
BRDA:284,44,0,0
BRDA:284,44,1,0
BRDA:284,45,0,0
BRDA:284,45,1,0
BRDA:288,46,0,0
BRDA:288,46,1,0
BRDA:288,47,0,0
BRDA:288,47,1,0
BRDA:292,48,0,0
BRDA:292,48,1,0
BRDA:292,49,0,0
BRDA:292,49,1,0
BRDA:297,50,0,0
BRDA:297,50,1,0
BRDA:306,51,0,0
BRDA:306,51,1,0
BRDA:306,52,0,0
BRDA:306,52,1,0
BRDA:310,53,0,0
BRDA:310,53,1,0
BRDA:310,54,0,0
BRDA:310,54,1,0
BRDA:312,55,0,0
BRDA:312,55,1,0
BRDA:314,56,0,0
BRDA:314,56,1,0
BRDA:320,57,0,0
BRDA:320,57,1,0
BRDA:320,58,0,0
BRDA:320,58,1,0
BRDA:324,59,0,0
BRDA:324,59,1,0
BRDA:324,60,0,0
BRDA:324,60,1,0
BRDA:329,61,0,0
BRDA:329,61,1,0
BRDA:333,62,0,0
BRDA:333,62,1,0
BRDA:335,63,0,0
BRDA:335,63,1,0
BRDA:335,64,0,0
BRDA:335,64,1,0
BRDA:351,65,0,0
BRDA:351,65,1,0
BRDA:351,66,0,0
BRDA:351,66,1,0
BRDA:358,67,0,0
BRDA:358,67,1,0
BRDA:364,68,0,0
BRDA:364,68,1,0
BRDA:369,69,0,0
BRDA:369,69,1,0
BRDA:370,70,0,0
BRDA:370,70,1,0
BRDA:375,71,0,0
BRDA:375,71,1,0
BRDA:375,72,0,0
BRDA:375,72,1,0
BRDA:383,73,0,0
BRDA:383,73,1,0
BRDA:384,74,0,0
BRDA:384,74,1,0
BRDA:388,75,0,0
BRDA:388,75,1,0
BRDA:406,76,0,0
BRDA:406,76,1,0
BRDA:406,77,0,0
BRDA:406,77,1,0
BRDA:412,78,0,0
BRDA:412,78,1,0
BRDA:412,79,0,0
BRDA:412,79,1,0
BRDA:416,80,0,0
BRDA:416,80,1,0
BRDA:416,81,0,0
BRDA:416,81,1,0
BRDA:420,82,0,0
BRDA:420,82,1,0
BRDA:425,83,0,0
BRDA:425,83,1,0
BRDA:425,84,0,0
BRDA:425,84,1,0
BRDA:440,85,0,0
BRDA:440,85,1,0
BRDA:446,86,0,0
BRDA:446,86,1,0
BRDA:448,87,0,0
BRDA:448,87,1,0
BRDA:455,88,0,0
BRDA:455,88,1,0
BRF:178
BRH:0
end_of_record
TN:
SF:src/core/registry/ToolAndPromptRegistry.ts
FN:30,(anonymous_0)
FN:58,(anonymous_1)
FN:88,(anonymous_2)
FN:118,(anonymous_3)
FN:146,(anonymous_4)
FN:153,(anonymous_5)
FN:160,(anonymous_6)
FN:162,(anonymous_7)
FN:163,(anonymous_8)
FN:169,(anonymous_9)
FN:171,(anonymous_10)
FN:172,(anonymous_11)
FN:178,(anonymous_12)
FN:214,(anonymous_13)
FN:250,(anonymous_14)
FN:255,(anonymous_15)
FN:256,(anonymous_16)
FN:274,(anonymous_17)
FN:278,(anonymous_18)
FN:291,(anonymous_19)
FN:309,(anonymous_20)
FN:311,(anonymous_21)
FN:317,(anonymous_22)
FN:347,(anonymous_23)
FN:354,(anonymous_24)
FN:364,(anonymous_25)
FN:372,(anonymous_26)
FN:407,(anonymous_27)
FN:453,(anonymous_28)
FN:459,(anonymous_29)
FN:465,(anonymous_30)
FN:473,(anonymous_31)
FN:474,(anonymous_32)
FN:483,(anonymous_33)
FNF:34
FNH:0
FNDA:0,(anonymous_0)
FNDA:0,(anonymous_1)
FNDA:0,(anonymous_2)
FNDA:0,(anonymous_3)
FNDA:0,(anonymous_4)
FNDA:0,(anonymous_5)
FNDA:0,(anonymous_6)
FNDA:0,(anonymous_7)
FNDA:0,(anonymous_8)
FNDA:0,(anonymous_9)
FNDA:0,(anonymous_10)
FNDA:0,(anonymous_11)
FNDA:0,(anonymous_12)
FNDA:0,(anonymous_13)
FNDA:0,(anonymous_14)
FNDA:0,(anonymous_15)
FNDA:0,(anonymous_16)
FNDA:0,(anonymous_17)
FNDA:0,(anonymous_18)
FNDA:0,(anonymous_19)
FNDA:0,(anonymous_20)
FNDA:0,(anonymous_21)
FNDA:0,(anonymous_22)
FNDA:0,(anonymous_23)
FNDA:0,(anonymous_24)
FNDA:0,(anonymous_25)
FNDA:0,(anonymous_26)
FNDA:0,(anonymous_27)
FNDA:0,(anonymous_28)
FNDA:0,(anonymous_29)
FNDA:0,(anonymous_30)
FNDA:0,(anonymous_31)
FNDA:0,(anonymous_32)
FNDA:0,(anonymous_33)
DA:24,0
DA:25,0
DA:28,0
DA:34,0
DA:44,0
DA:63,0
DA:81,0
DA:82,0
DA:93,0
DA:111,0
DA:112,0
DA:131,0
DA:132,0
DA:136,0
DA:137,0
DA:140,0
DA:147,0
DA:154,0
DA:161,0
DA:162,0
DA:163,0
DA:170,0
DA:171,0
DA:172,0
DA:179,0
DA:180,0
DA:181,0
DA:184,0
DA:185,0
DA:188,0
DA:196,0
DA:199,0
DA:200,0
DA:203,0
DA:204,0
DA:206,0
DA:207,0
DA:215,0
DA:216,0
DA:217,0
DA:220,0
DA:221,0
DA:224,0
DA:232,0
DA:235,0
DA:236,0
DA:239,0
DA:240,0
DA:242,0
DA:243,0
DA:251,0
DA:252,0
DA:255,0
DA:256,0
DA:257,0
DA:258,0
DA:262,0
DA:275,0
DA:278,0
DA:279,0
DA:291,0
DA:292,0
DA:303,0
DA:310,0
DA:311,0
DA:313,0
DA:314,0
DA:315,0
DA:317,0
DA:318,0
DA:319,0
DA:320,0
DA:321,0
DA:322,0
DA:326,0
DA:327,0
DA:333,0
DA:348,0
DA:355,0
DA:356,0
DA:357,0
DA:365,0
DA:366,0
DA:367,0
DA:374,0
DA:375,0
DA:376,0
DA:377,0
DA:382,0
DA:383,0
DA:389,0
DA:390,0
DA:391,0
DA:392,0
DA:393,0
DA:398,0
DA:399,0
DA:401,0
DA:404,0
DA:408,0
DA:409,0
DA:412,0
DA:413,0
DA:416,0
DA:417,0
DA:420,0
DA:421,0
DA:425,0
DA:426,0
DA:427,0
DA:429,0
DA:430,0
DA:432,0
DA:433,0
DA:434,0
DA:436,0
DA:437,0
DA:442,0
DA:443,0
DA:446,0
DA:454,0
DA:455,0
DA:456,0
DA:460,0
DA:461,0
DA:462,0
DA:466,0
DA:467,0
DA:468,0
DA:470,0
DA:474,0
DA:475,0
DA:476,0
DA:478,0
DA:484,0
DA:485,0
LF:136
LH:0
BRDA:31,0,0,0
BRDA:44,1,0,0
BRDA:44,1,1,0
BRDA:61,2,0,0
BRDA:65,3,0,0
BRDA:65,3,1,0
BRDA:68,4,0,0
BRDA:68,4,1,0
BRDA:72,5,0,0
BRDA:72,5,1,0
BRDA:73,6,0,0
BRDA:73,6,1,0
BRDA:75,7,0,0
BRDA:75,7,1,0
BRDA:76,8,0,0
BRDA:76,8,1,0
BRDA:91,9,0,0
BRDA:95,10,0,0
BRDA:95,10,1,0
BRDA:98,11,0,0
BRDA:98,11,1,0
BRDA:102,12,0,0
BRDA:102,12,1,0
BRDA:103,13,0,0
BRDA:103,13,1,0
BRDA:105,14,0,0
BRDA:105,14,1,0
BRDA:106,15,0,0
BRDA:106,15,1,0
BRDA:180,16,0,0
BRDA:180,16,1,0
BRDA:184,17,0,0
BRDA:184,17,1,0
BRDA:185,18,0,0
BRDA:185,18,1,0
BRDA:189,19,0,0
BRDA:189,19,1,0
BRDA:199,20,0,0
BRDA:199,20,1,0
BRDA:199,21,0,0
BRDA:199,21,1,0
BRDA:216,22,0,0
BRDA:216,22,1,0
BRDA:220,23,0,0
BRDA:220,23,1,0
BRDA:221,24,0,0
BRDA:221,24,1,0
BRDA:225,25,0,0
BRDA:225,25,1,0
BRDA:235,26,0,0
BRDA:235,26,1,0
BRDA:235,27,0,0
BRDA:235,27,1,0
BRDA:257,28,0,0
BRDA:257,28,1,0
BRDA:284,29,0,0
BRDA:284,29,1,0
BRDA:286,30,0,0
BRDA:286,30,1,0
BRDA:297,31,0,0
BRDA:297,31,1,0
BRDA:299,32,0,0
BRDA:299,32,1,0
BRDA:318,33,0,0
BRDA:318,33,1,0
BRDA:319,34,0,0
BRDA:319,34,1,0
BRDA:326,35,0,0
BRDA:326,35,1,0
BRDA:356,36,0,0
BRDA:356,36,1,0
BRDA:374,37,0,0
BRDA:374,37,1,0
BRDA:375,38,0,0
BRDA:375,38,1,0
BRDA:376,39,0,0
BRDA:376,39,1,0
BRDA:382,40,0,0
BRDA:382,40,1,0
BRDA:382,41,0,0
BRDA:382,41,1,0
BRDA:389,42,0,0
BRDA:389,42,1,0
BRDA:391,43,0,0
BRDA:391,43,1,0
BRDA:398,44,0,0
BRDA:398,44,1,0
BRDA:412,45,0,0
BRDA:412,45,1,0
BRDA:412,46,0,0
BRDA:412,46,1,0
BRDA:416,47,0,0
BRDA:416,47,1,0
BRDA:416,48,0,0
BRDA:416,48,1,0
BRDA:420,49,0,0
BRDA:420,49,1,0
BRDA:425,50,0,0
BRDA:425,50,1,0
BRDA:426,51,0,0
BRDA:426,51,1,0
BRDA:429,52,0,0
BRDA:429,52,1,0
BRDA:432,53,0,0
BRDA:432,53,1,0
BRDA:433,54,0,0
BRDA:433,54,1,0
BRDA:436,55,0,0
BRDA:436,55,1,0
BRDA:442,56,0,0
BRDA:442,56,1,0
BRDA:442,57,0,0
BRDA:442,57,1,0
BRDA:460,58,0,0
BRDA:460,58,1,0
BRDA:461,59,0,0
BRDA:461,59,1,0
BRDA:467,60,0,0
BRDA:467,60,1,0
BRDA:484,61,0,0
BRDA:484,61,1,0
BRF:121
BRH:0
end_of_record
TN:
SF:src/core/registry/VersionManager.ts
FN:16,(anonymous_0)
FN:24,(anonymous_1)
FN:48,(anonymous_2)
FN:60,(anonymous_3)
FN:91,(anonymous_4)
FN:124,(anonymous_5)
FN:145,(anonymous_6)
FN:188,(anonymous_7)
FN:200,(anonymous_8)
FN:226,(anonymous_9)
FN:236,(anonymous_10)
FN:247,(anonymous_11)
FN:252,(anonymous_12)
FN:260,(anonymous_13)
FN:261,(anonymous_14)
FN:267,(anonymous_15)
FN:274,(anonymous_16)
FN:280,(anonymous_17)
FN:282,(anonymous_18)
FN:287,(anonymous_19)
FN:292,(anonymous_20)
FN:297,(anonymous_21)
FN:302,(anonymous_22)
FN:312,(anonymous_23)
FN:318,(anonymous_24)
FN:334,(anonymous_25)
FN:345,(anonymous_26)
FNF:27
FNH:0
FNDA:0,(anonymous_0)
FNDA:0,(anonymous_1)
FNDA:0,(anonymous_2)
FNDA:0,(anonymous_3)
FNDA:0,(anonymous_4)
FNDA:0,(anonymous_5)
FNDA:0,(anonymous_6)
FNDA:0,(anonymous_7)
FNDA:0,(anonymous_8)
FNDA:0,(anonymous_9)
FNDA:0,(anonymous_10)
FNDA:0,(anonymous_11)
FNDA:0,(anonymous_12)
FNDA:0,(anonymous_13)
FNDA:0,(anonymous_14)
FNDA:0,(anonymous_15)
FNDA:0,(anonymous_16)
FNDA:0,(anonymous_17)
FNDA:0,(anonymous_18)
FNDA:0,(anonymous_19)
FNDA:0,(anonymous_20)
FNDA:0,(anonymous_21)
FNDA:0,(anonymous_22)
FNDA:0,(anonymous_23)
FNDA:0,(anonymous_24)
FNDA:0,(anonymous_25)
FNDA:0,(anonymous_26)
DA:13,0
DA:14,0
DA:18,0
DA:25,0
DA:26,0
DA:28,0
DA:29,0
DA:32,0
DA:38,0
DA:39,0
DA:42,0
DA:49,0
DA:50,0
DA:51,0
DA:53,0
DA:62,0
DA:63,0
DA:67,0
DA:68,0
DA:72,0
DA:73,0
DA:77,0
DA:78,0
DA:79,0
DA:80,0
DA:81,0
DA:82,0
DA:85,0
DA:92,0
DA:93,0
DA:94,0
DA:96,0
DA:97,0
DA:100,0
DA:101,0
DA:108,0
DA:110,0
DA:112,0
DA:114,0
DA:117,0
DA:125,0
DA:126,0
DA:128,0
DA:135,0
DA:136,0
DA:139,0
DA:150,0
DA:152,0
DA:154,0
DA:155,0
DA:156,0
DA:157,0
DA:158,0
DA:161,0
DA:162,0
DA:163,0
DA:164,0
DA:167,0
DA:168,0
DA:169,0
DA:172,0
DA:173,0
DA:175,0
DA:176,0
DA:179,0
DA:182,0
DA:193,0
DA:194,0
DA:204,0
DA:205,0
DA:206,0
DA:208,0
DA:209,0
DA:210,0
DA:213,0
DA:214,0
DA:215,0
DA:216,0
DA:217,0
DA:219,0
DA:230,0
DA:237,0
DA:238,0
DA:239,0
DA:241,0
DA:248,0
DA:249,0
DA:252,0
DA:253,0
DA:261,0
DA:268,0
DA:275,0
DA:282,0
DA:283,0
DA:287,0
DA:288,0
DA:292,0
DA:293,0
DA:299,0
DA:304,0
DA:305,0
DA:309,0
DA:313,0
DA:319,0
DA:320,0
DA:323,0
DA:324,0
DA:327,0
DA:328,0
DA:331,0
DA:337,0
DA:338,0
DA:339,0
DA:341,0
DA:346,0
DA:347,0
DA:348,0
DA:351,0
DA:352,0
DA:355,0
DA:358,0
LF:121
LH:0
BRDA:28,0,0,0
BRDA:28,0,1,0
BRDA:38,1,0,0
BRDA:38,1,1,0
BRDA:50,2,0,0
BRDA:50,2,1,0
BRDA:62,3,0,0
BRDA:62,3,1,0
BRDA:67,4,0,0
BRDA:67,4,1,0
BRDA:72,5,0,0
BRDA:72,5,1,0
BRDA:77,6,0,0
BRDA:77,6,1,0
BRDA:77,7,0,0
BRDA:77,7,1,0
BRDA:79,8,0,0
BRDA:79,8,1,0
BRDA:79,9,0,0
BRDA:79,9,1,0
BRDA:81,10,0,0
BRDA:81,10,1,0
BRDA:81,11,0,0
BRDA:81,11,1,0
BRDA:96,12,0,0
BRDA:96,12,1,0
BRDA:100,13,0,0
BRDA:100,13,1,0
BRDA:105,14,0,0
BRDA:105,14,1,0
BRDA:108,15,0,0
BRDA:108,15,1,0
BRDA:108,15,2,0
BRDA:126,16,0,0
BRDA:126,16,1,0
BRDA:135,17,0,0
BRDA:135,17,1,0
BRDA:152,18,0,0
BRDA:152,18,1,0
BRDA:152,18,2,0
BRDA:152,18,3,0
BRDA:152,18,4,0
BRDA:172,19,0,0
BRDA:172,19,1,0
BRDA:209,20,0,0
BRDA:209,20,1,0
BRDA:238,21,0,0
BRDA:238,21,1,0
BRDA:248,22,0,0
BRDA:248,22,1,0
BRDA:253,23,0,0
BRDA:253,23,1,0
BRDA:304,24,0,0
BRDA:304,24,1,0
BRDA:313,25,0,0
BRDA:313,25,1,0
BRDA:313,25,2,0
BRDA:319,26,0,0
BRDA:319,26,1,0
BRDA:323,27,0,0
BRDA:323,27,1,0
BRDA:327,28,0,0
BRDA:327,28,1,0
BRDA:341,29,0,0
BRDA:341,29,1,0
BRDA:341,29,2,0
BRDA:351,30,0,0
BRDA:351,30,1,0
BRF:68
BRH:0
end_of_record
TN:
SF:src/core/registry/types.ts
FN:152,(anonymous_0)
FN:163,(anonymous_1)
FN:170,(anonymous_2)
FN:177,(anonymous_3)
FNF:4
FNH:0
FNDA:0,(anonymous_0)
FNDA:0,(anonymous_1)
FNDA:0,(anonymous_2)
FNDA:0,(anonymous_3)
DA:154,0
DA:155,0
DA:157,0
DA:158,0
DA:164,0
DA:165,0
DA:171,0
DA:172,0
DA:178,0
DA:179,0
LF:10
LH:0
BRF:0
BRH:0
end_of_record
TN:
SF:src/core/services/ErrorHandlingService.ts
FN:11,(anonymous_0)
FN:25,(anonymous_1)
FN:29,(anonymous_2)
FN:33,(anonymous_3)
FN:38,(anonymous_4)
FN:43,(anonymous_5)
FN:56,(anonymous_6)
FNF:7
FNH:0
FNDA:0,(anonymous_0)
FNDA:0,(anonymous_1)
FNDA:0,(anonymous_2)
FNDA:0,(anonymous_3)
FNDA:0,(anonymous_4)
FNDA:0,(anonymous_5)
FNDA:0,(anonymous_6)
DA:12,0
DA:15,0
DA:22,0
DA:26,0
DA:30,0
DA:34,0
DA:39,0
DA:41,0
DA:43,0
DA:46,0
DA:48,0
DA:51,0
DA:61,0
LF:13
LH:0
BRDA:49,0,0,0
BRDA:49,0,1,0
BRF:2
BRH:0
end_of_record
TN:
SF:src/prompts/InitPrompt.ts
FN:20,(anonymous_0)
FN:27,(anonymous_1)
FN:31,(anonymous_2)
FN:35,(anonymous_3)
FN:49,(anonymous_4)
FN:80,(anonymous_5)
FN:109,(anonymous_6)
FN:150,(anonymous_7)
FNF:8
FNH:0
FNDA:0,(anonymous_0)
FNDA:0,(anonymous_1)
FNDA:0,(anonymous_2)
FNDA:0,(anonymous_3)
FNDA:0,(anonymous_4)
FNDA:0,(anonymous_5)
FNDA:0,(anonymous_6)
FNDA:0,(anonymous_7)
DA:21,0
DA:28,0
DA:32,0
DA:36,0
DA:50,0
DA:51,0
DA:54,0
DA:57,0
DA:58,0
DA:61,0
DA:67,0
DA:69,0
DA:70,0
DA:72,0
DA:74,0
DA:75,0
DA:76,0
DA:81,0
DA:84,0
DA:88,0
DA:91,0
DA:92,0
DA:96,0
DA:97,0
DA:100,0
DA:102,0
DA:103,0
DA:105,0
DA:110,0
DA:112,0
DA:113,0
DA:114,0
DA:115,0
DA:116,0
DA:124,0
DA:127,0
DA:136,0
DA:137,0
DA:138,0
DA:139,0
DA:142,0
DA:144,0
DA:151,0
DA:152,0
DA:153,0
DA:155,0
DA:157,0
DA:159,0
LF:48
LH:0
BRDA:64,0,0,0
BRDA:64,0,1,0
BRDA:74,1,0,0
BRDA:74,1,1,0
BRDA:84,2,0,0
BRDA:84,2,1,0
BRDA:84,3,0,0
BRDA:84,3,1,0
BRDA:91,4,0,0
BRDA:91,4,1,0
BRDA:96,5,0,0
BRDA:96,5,1,0
BRDA:96,6,0,0
BRDA:96,6,1,0
BRDA:102,7,0,0
BRDA:102,7,1,0
BRDA:114,8,0,0
BRDA:114,8,1,0
BRDA:145,9,0,0
BRDA:145,9,1,0
BRDA:160,10,0,0
BRDA:160,10,1,0
BRF:22
BRH:0
end_of_record
TN:
SF:src/services/claude/ClaudeService.ts
FN:22,(anonymous_0)
FN:46,(anonymous_1)
FN:121,(anonymous_2)
FN:175,(anonymous_3)
FN:197,(anonymous_4)
FN:227,(anonymous_5)
FN:253,(anonymous_6)
FN:278,(anonymous_7)
FNF:8
FNH:0
FNDA:0,(anonymous_0)
FNDA:0,(anonymous_1)
FNDA:0,(anonymous_2)
FNDA:0,(anonymous_3)
FNDA:0,(anonymous_4)
FNDA:0,(anonymous_5)
FNDA:0,(anonymous_6)
FNDA:0,(anonymous_7)
DA:8,0
DA:23,0
DA:24,0
DA:26,0
DA:33,0
DA:38,0
DA:50,0
DA:52,0
DA:53,0
DA:55,0
DA:66,0
DA:67,0
DA:68,0
DA:69,0
DA:70,0
DA:72,0
DA:74,0
DA:76,0
DA:77,0
DA:79,0
DA:86,0
DA:99,0
DA:101,0
DA:107,0
DA:108,0
DA:109,0
DA:110,0
DA:111,0
DA:112,0
DA:114,0
DA:125,0
DA:126,0
DA:128,0
DA:140,0
DA:141,0
DA:142,0
DA:143,0
DA:144,0
DA:146,0
DA:147,0
DA:149,0
DA:150,0
DA:151,0
DA:153,0
DA:154,0
DA:159,0
DA:161,0
DA:164,0
DA:169,0
DA:176,0
DA:177,0
DA:188,0
DA:190,0
DA:193,0
DA:198,0
DA:199,0
DA:201,0
DA:202,0
DA:205,0
DA:206,0
DA:209,0
DA:220,0
DA:223,0
DA:228,0
DA:229,0
DA:240,0
DA:242,0
DA:243,0
DA:246,0
DA:249,0
DA:254,0
DA:256,0
DA:257,0
DA:260,0
DA:261,0
DA:264,0
DA:265,0
DA:267,0
DA:268,0
DA:269,0
DA:272,0
DA:273,0
DA:274,0
DA:279,0
DA:280,0
DA:282,0
LF:86
LH:0
BRDA:28,0,0,0
BRDA:28,0,1,0
BRDA:29,1,0,0
BRDA:29,1,1,0
BRDA:30,2,0,0
BRDA:30,2,1,0
BRDA:48,3,0,0
BRDA:56,4,0,0
BRDA:56,4,1,0
BRDA:57,5,0,0
BRDA:57,5,1,0
BRDA:66,6,0,0
BRDA:66,6,1,0
BRDA:67,7,0,0
BRDA:67,7,1,0
BRDA:68,8,0,0
BRDA:68,8,1,0
BRDA:69,9,0,0
BRDA:69,9,1,0
BRDA:70,10,0,0
BRDA:70,10,1,0
BRDA:74,11,0,0
BRDA:74,11,1,0
BRDA:74,12,0,0
BRDA:74,12,1,0
BRDA:77,13,0,0
BRDA:77,13,1,0
BRDA:93,14,0,0
BRDA:93,14,1,0
BRDA:93,15,0,0
BRDA:93,15,1,0
BRDA:102,16,0,0
BRDA:102,16,1,0
BRDA:107,17,0,0
BRDA:107,17,1,0
BRDA:109,18,0,0
BRDA:109,18,1,0
BRDA:111,19,0,0
BRDA:111,19,1,0
BRDA:115,20,0,0
BRDA:115,20,1,0
BRDA:123,21,0,0
BRDA:129,22,0,0
BRDA:129,22,1,0
BRDA:130,23,0,0
BRDA:130,23,1,0
BRDA:140,24,0,0
BRDA:140,24,1,0
BRDA:141,25,0,0
BRDA:141,25,1,0
BRDA:142,26,0,0
BRDA:142,26,1,0
BRDA:143,27,0,0
BRDA:143,27,1,0
BRDA:144,28,0,0
BRDA:144,28,1,0
BRDA:151,29,0,0
BRDA:151,29,1,0
BRDA:151,30,0,0
BRDA:151,30,1,0
BRDA:165,31,0,0
BRDA:165,31,1,0
BRDA:170,32,0,0
BRDA:170,32,1,0
BRDA:191,33,0,0
BRDA:191,33,1,0
BRDA:201,34,0,0
BRDA:201,34,1,0
BRDA:205,35,0,0
BRDA:205,35,1,0
BRDA:212,36,0,0
BRDA:212,36,1,0
BRDA:216,37,0,0
BRDA:216,37,1,0
BRDA:221,38,0,0
BRDA:221,38,1,0
BRDA:242,39,0,0
BRDA:242,39,1,0
BRDA:247,40,0,0
BRDA:247,40,1,0
BRDA:256,41,0,0
BRDA:256,41,1,0
BRDA:260,42,0,0
BRDA:260,42,1,0
BRDA:264,43,0,0
BRDA:264,43,1,0
BRDA:265,44,0,0
BRDA:265,44,1,0
BRDA:267,45,0,0
BRDA:267,45,1,0
BRDA:272,46,0,0
BRDA:272,46,1,0
BRF:92
BRH:0
end_of_record
TN:
SF:src/services/rateLimit/RateLimitService.ts
FN:35,(anonymous_0)
FN:41,(anonymous_1)
FN:48,(anonymous_2)
FN:113,(anonymous_3)
FN:145,(anonymous_4)
FN:173,(anonymous_5)
FN:183,(anonymous_6)
FN:204,(anonymous_7)
FN:223,(anonymous_8)
FNF:9
FNH:0
FNDA:0,(anonymous_0)
FNDA:0,(anonymous_1)
FNDA:0,(anonymous_2)
FNDA:0,(anonymous_3)
FNDA:0,(anonymous_4)
FNDA:0,(anonymous_5)
FNDA:0,(anonymous_6)
FNDA:0,(anonymous_7)
FNDA:0,(anonymous_8)
DA:36,0
DA:37,0
DA:40,0
DA:42,0
DA:49,0
DA:50,0
DA:53,0
DA:55,0
DA:57,0
DA:62,0
DA:64,0
DA:70,0
DA:77,0
DA:78,0
DA:85,0
DA:92,0
DA:99,0
DA:101,0
DA:107,0
DA:115,0
DA:116,0
DA:119,0
DA:120,0
DA:123,0
DA:124,0
DA:127,0
DA:128,0
DA:129,0
DA:133,0
DA:134,0
DA:137,0
DA:146,0
DA:147,0
DA:149,0
DA:150,0
DA:153,0
DA:155,0
DA:157,0
DA:160,0
DA:166,0
DA:167,0
DA:170,0
DA:174,0
DA:175,0
DA:177,0
DA:188,0
DA:189,0
DA:191,0
DA:192,0
DA:193,0
DA:197,0
DA:205,0
DA:206,0
DA:208,0
DA:209,0
DA:210,0
DA:211,0
DA:215,0
DA:216,0
DA:224,0
DA:225,0
DA:227,0
DA:232,0
LF:63
LH:0
BRDA:49,0,0,0
BRDA:49,0,1,0
BRDA:55,1,0,0
BRDA:55,1,1,0
BRDA:55,2,0,0
BRDA:55,2,1,0
BRDA:77,3,0,0
BRDA:77,3,1,0
BRDA:113,4,0,0
BRDA:115,5,0,0
BRDA:115,5,1,0
BRDA:115,6,0,0
BRDA:115,6,1,0
BRDA:119,7,0,0
BRDA:119,7,1,0
BRDA:119,8,0,0
BRDA:119,8,1,0
BRDA:123,9,0,0
BRDA:123,9,1,0
BRDA:127,10,0,0
BRDA:127,10,1,0
BRDA:127,11,0,0
BRDA:127,11,1,0
BRDA:134,12,0,0
BRDA:134,12,1,0
BRDA:134,13,0,0
BRDA:134,13,1,0
BRDA:146,14,0,0
BRDA:146,14,1,0
BRDA:149,15,0,0
BRDA:149,15,1,0
BRDA:155,16,0,0
BRDA:155,16,1,0
BRDA:166,17,0,0
BRDA:166,17,1,0
BRDA:174,18,0,0
BRDA:174,18,1,0
BRDA:192,19,0,0
BRDA:192,19,1,0
BRDA:209,20,0,0
BRDA:209,20,1,0
BRDA:215,21,0,0
BRDA:215,21,1,0
BRDA:224,22,0,0
BRDA:224,22,1,0
BRF:45
BRH:0
end_of_record
TN:
SF:src/services/scraping/WebScrapingService.ts
FN:28,(anonymous_0)
FN:51,(anonymous_1)
FN:68,(anonymous_2)
FN:122,(anonymous_3)
FN:169,(anonymous_4)
FN:197,(anonymous_5)
FN:220,(anonymous_6)
FN:225,(anonymous_7)
FN:233,(anonymous_8)
FN:243,(anonymous_9)
FN:287,(anonymous_10)
FN:309,(anonymous_11)
FN:337,(anonymous_12)
FN:365,(anonymous_13)
FN:384,(anonymous_14)
FN:412,(anonymous_15)
FN:425,(anonymous_16)
FN:477,(anonymous_17)
FN:483,(anonymous_18)
FN:490,(anonymous_19)
FNF:20
FNH:0
FNDA:0,(anonymous_0)
FNDA:0,(anonymous_1)
FNDA:0,(anonymous_2)
FNDA:0,(anonymous_3)
FNDA:0,(anonymous_4)
FNDA:0,(anonymous_5)
FNDA:0,(anonymous_6)
FNDA:0,(anonymous_7)
FNDA:0,(anonymous_8)
FNDA:0,(anonymous_9)
FNDA:0,(anonymous_10)
FNDA:0,(anonymous_11)
FNDA:0,(anonymous_12)
FNDA:0,(anonymous_13)
FNDA:0,(anonymous_14)
FNDA:0,(anonymous_15)
FNDA:0,(anonymous_16)
FNDA:0,(anonymous_17)
FNDA:0,(anonymous_18)
FNDA:0,(anonymous_19)
DA:26,0
DA:29,0
DA:31,0
DA:38,0
DA:52,0
DA:53,0
DA:54,0
DA:55,0
DA:56,0
DA:58,0
DA:62,0
DA:69,0
DA:71,0
DA:72,0
DA:78,0
DA:80,0
DA:81,0
DA:82,0
DA:86,0
DA:88,0
DA:89,0
DA:90,0
DA:91,0
DA:92,0
DA:93,0
DA:96,0
DA:103,0
DA:110,0
DA:112,0
DA:116,0
DA:123,0
DA:124,0
DA:126,0
DA:128,0
DA:140,0
DA:141,0
DA:142,0
DA:143,0
DA:144,0
DA:146,0
DA:147,0
DA:150,0
DA:158,0
DA:159,0
DA:161,0
DA:165,0
DA:170,0
DA:171,0
DA:172,0
DA:173,0
DA:176,0
DA:177,0
DA:181,0
DA:196,0
DA:197,0
DA:198,0
DA:199,0
DA:200,0
DA:201,0
DA:202,0
DA:207,0
DA:210,0
DA:212,0
DA:216,0
DA:221,0
DA:222,0
DA:225,0
DA:226,0
DA:227,0
DA:228,0
DA:233,0
DA:234,0
DA:235,0
DA:236,0
DA:240,0
DA:244,0
DA:245,0
DA:246,0
DA:249,0
DA:250,0
DA:251,0
DA:252,0
DA:256,0
DA:257,0
DA:258,0
DA:262,0
DA:266,0
DA:267,0
DA:268,0
DA:270,0
DA:279,0
DA:283,0
DA:288,0
DA:299,0
DA:300,0
DA:301,0
DA:302,0
DA:306,0
DA:310,0
DA:321,0
DA:322,0
DA:323,0
DA:325,0
DA:327,0
DA:328,0
DA:329,0
DA:334,0
DA:338,0
DA:347,0
DA:349,0
DA:350,0
DA:351,0
DA:352,0
DA:353,0
DA:354,0
DA:357,0
DA:362,0
DA:366,0
DA:374,0
DA:375,0
DA:376,0
DA:377,0
DA:381,0
DA:385,0
DA:392,0
DA:393,0
DA:394,0
DA:395,0
DA:400,0
DA:401,0
DA:402,0
DA:403,0
DA:409,0
DA:413,0
DA:414,0
DA:417,0
DA:418,0
DA:419,0
DA:422,0
DA:426,0
DA:427,0
DA:428,0
DA:431,0
DA:432,0
DA:436,0
DA:437,0
DA:441,0
DA:442,0
DA:477,0
DA:479,0
DA:484,0
DA:485,0
DA:486,0
DA:488,0
DA:489,0
DA:490,0
DA:493,0
LF:157
LH:0
BRDA:28,0,0,0
BRDA:32,1,0,0
BRDA:32,1,1,0
BRDA:33,2,0,0
BRDA:33,2,1,0
BRDA:34,3,0,0
BRDA:34,3,1,0
BRDA:35,4,0,0
BRDA:35,4,1,0
BRDA:60,5,0,0
BRDA:60,5,1,0
BRDA:63,6,0,0
BRDA:63,6,1,0
BRDA:68,7,0,0
BRDA:80,8,0,0
BRDA:80,8,1,0
BRDA:92,9,0,0
BRDA:92,9,1,0
BRDA:98,10,0,0
BRDA:98,10,1,0
BRDA:114,11,0,0
BRDA:114,11,1,0
BRDA:117,12,0,0
BRDA:117,12,1,0
BRDA:123,13,0,0
BRDA:123,13,1,0
BRDA:146,14,0,0
BRDA:146,14,1,0
BRDA:152,15,0,0
BRDA:152,15,1,0
BRDA:163,16,0,0
BRDA:163,16,1,0
BRDA:176,17,0,0
BRDA:176,17,1,0
BRDA:199,18,0,0
BRDA:199,18,1,0
BRDA:201,19,0,0
BRDA:201,19,1,0
BRDA:207,20,0,0
BRDA:207,20,1,0
BRDA:214,21,0,0
BRDA:214,21,1,0
BRDA:227,22,0,0
BRDA:227,22,1,0
BRDA:234,23,0,0
BRDA:234,23,1,0
BRDA:235,24,0,0
BRDA:235,24,1,0
BRDA:235,25,0,0
BRDA:235,25,1,0
BRDA:250,26,0,0
BRDA:250,26,1,0
BRDA:257,27,0,0
BRDA:257,27,1,0
BRDA:257,28,0,0
BRDA:257,28,1,0
BRDA:274,29,0,0
BRDA:274,29,1,0
BRDA:275,30,0,0
BRDA:275,30,1,0
BRDA:276,31,0,0
BRDA:276,31,1,0
BRDA:281,32,0,0
BRDA:281,32,1,0
BRDA:301,33,0,0
BRDA:301,33,1,0
BRDA:301,34,0,0
BRDA:301,34,1,0
BRDA:323,35,0,0
BRDA:323,35,1,0
BRDA:328,36,0,0
BRDA:328,36,1,0
BRDA:328,37,0,0
BRDA:328,37,1,0
BRDA:349,38,0,0
BRDA:349,38,1,0
BRDA:349,38,2,0
BRDA:350,39,0,0
BRDA:350,39,1,0
BRDA:353,40,0,0
BRDA:353,40,1,0
BRDA:375,41,0,0
BRDA:375,41,1,0
BRDA:376,42,0,0
BRDA:376,42,1,0
BRDA:376,43,0,0
BRDA:376,43,1,0
BRDA:393,44,0,0
BRDA:393,44,1,0
BRDA:394,45,0,0
BRDA:394,45,1,0
BRDA:394,46,0,0
BRDA:394,46,1,0
BRDA:400,47,0,0
BRDA:400,47,1,0
BRDA:402,48,0,0
BRDA:402,48,1,0
BRDA:402,49,0,0
BRDA:402,49,1,0
BRDA:403,50,0,0
BRDA:403,50,1,0
BRDA:413,51,0,0
BRDA:413,51,1,0
BRDA:417,52,0,0
BRDA:417,52,1,0
BRDA:431,53,0,0
BRDA:431,53,1,0
BRDA:436,54,0,0
BRDA:436,54,1,0
BRDA:488,55,0,0
BRDA:488,55,1,0
BRF:111
BRH:0
end_of_record
TN:
SF:src/services/search/SearchAdapterFactory.ts
FN:21,(anonymous_0)
FN:38,(anonymous_1)
FN:65,(anonymous_2)
FN:74,(anonymous_3)
FN:83,(anonymous_4)
FN:99,(anonymous_5)
FNF:6
FNH:0
FNDA:0,(anonymous_0)
FNDA:0,(anonymous_1)
FNDA:0,(anonymous_2)
FNDA:0,(anonymous_3)
FNDA:0,(anonymous_4)
FNDA:0,(anonymous_5)
DA:10,0
DA:11,0
DA:22,0
DA:24,0
DA:25,0
DA:28,0
DA:29,0
DA:39,0
DA:40,0
DA:42,0
DA:43,0
DA:44,0
DA:49,0
DA:50,0
DA:51,0
DA:52,0
DA:54,0
DA:57,0
DA:66,0
DA:75,0
DA:84,0
DA:85,0
DA:87,0
DA:88,0
DA:90,0
DA:93,0
DA:100,0
DA:101,0
DA:102,0
LF:29
LH:0
BRDA:24,0,0,0
BRDA:24,0,1,0
BRDA:42,1,0,0
BRDA:42,1,1,0
BRDA:55,2,0,0
BRDA:55,2,1,0
BRDA:87,3,0,0
BRDA:87,3,1,0
BRF:8
BRH:0
end_of_record
TN:
SF:src/services/search/SearchService.ts
FN:15,(anonymous_0)
FN:27,(anonymous_1)
FN:35,(anonymous_2)
FN:48,(anonymous_3)
FN:60,(anonymous_4)
FN:68,(anonymous_5)
FN:69,(anonymous_6)
FN:77,(anonymous_7)
FN:135,(anonymous_8)
FN:146,(anonymous_9)
FN:212,(anonymous_10)
FN:223,(anonymous_11)
FN:287,(anonymous_12)
FN:296,(anonymous_13)
FN:313,(anonymous_14)
FN:327,(anonymous_15)
FNF:16
FNH:0
FNDA:0,(anonymous_0)
FNDA:0,(anonymous_1)
FNDA:0,(anonymous_2)
FNDA:0,(anonymous_3)
FNDA:0,(anonymous_4)
FNDA:0,(anonymous_5)
FNDA:0,(anonymous_6)
FNDA:0,(anonymous_7)
FNDA:0,(anonymous_8)
FNDA:0,(anonymous_9)
FNDA:0,(anonymous_10)
FNDA:0,(anonymous_11)
FNDA:0,(anonymous_12)
FNDA:0,(anonymous_13)
FNDA:0,(anonymous_14)
FNDA:0,(anonymous_15)
DA:20,0
DA:21,0
DA:22,0
DA:24,0
DA:27,0
DA:36,0
DA:37,0
DA:38,0
DA:49,0
DA:50,0
DA:61,0
DA:69,0
DA:78,0
DA:79,0
DA:81,0
DA:82,0
DA:83,0
DA:84,0
DA:90,0
DA:92,0
DA:100,0
DA:101,0
DA:102,0
DA:107,0
DA:108,0
DA:110,0
DA:117,0
DA:119,0
DA:127,0
DA:128,0
DA:134,0
DA:135,0
DA:147,0
DA:148,0
DA:154,0
DA:155,0
DA:156,0
DA:158,0
DA:166,0
DA:168,0
DA:176,0
DA:177,0
DA:178,0
DA:183,0
DA:184,0
DA:186,0
DA:194,0
DA:196,0
DA:204,0
DA:205,0
DA:211,0
DA:212,0
DA:224,0
DA:225,0
DA:231,0
DA:232,0
DA:233,0
DA:235,0
DA:242,0
DA:244,0
DA:252,0
DA:253,0
DA:254,0
DA:259,0
DA:260,0
DA:262,0
DA:269,0
DA:271,0
DA:279,0
DA:280,0
DA:286,0
DA:287,0
DA:300,0
DA:303,0
DA:305,0
DA:306,0
DA:308,0
DA:312,0
DA:314,0
DA:315,0
DA:316,0
DA:318,0
DA:327,0
DA:328,0
DA:333,0
DA:342,0
DA:343,0
LF:87
LH:0
BRDA:17,0,0,0
BRDA:20,1,0,0
BRDA:20,1,1,0
BRDA:95,2,0,0
BRDA:95,2,1,0
BRDA:122,3,0,0
BRDA:122,3,1,0
BRDA:171,4,0,0
BRDA:171,4,1,0
BRDA:199,5,0,0
BRDA:199,5,1,0
BRDA:247,6,0,0
BRDA:247,6,1,0
BRDA:274,7,0,0
BRDA:274,7,1,0
BRDA:308,8,0,0
BRDA:308,8,1,0
BRDA:321,9,0,0
BRDA:321,9,1,0
BRDA:328,10,0,0
BRDA:328,10,1,0
BRDA:337,11,0,0
BRDA:337,11,1,0
BRF:23
BRH:0
end_of_record
TN:
SF:src/services/search/SearchServiceFactory.ts
FN:11,createSearchService
FN:86,registerBuiltInAdapters
FNF:2
FNH:0
FNDA:0,createSearchService
FNDA:0,registerBuiltInAdapters
DA:15,0
DA:17,0
DA:23,0
DA:25,0
DA:26,0
DA:27,0
DA:29,0
DA:35,0
DA:36,0
DA:37,0
DA:38,0
DA:39,0
DA:43,0
DA:46,0
DA:47,0
DA:48,0
DA:49,0
DA:51,0
DA:56,0
DA:63,0
DA:65,0
DA:71,0
DA:73,0
DA:77,0
DA:88,0
DA:89,0
DA:91,0
DA:92,0
DA:94,0
DA:95,0
LF:30
LH:0
BRDA:15,0,0,0
BRDA:15,0,1,0
BRDA:26,1,0,0
BRDA:26,1,1,0
BRDA:38,2,0,0
BRDA:38,2,1,0
BRDA:47,3,0,0
BRDA:47,3,1,0
BRDA:58,4,0,0
BRDA:58,4,1,0
BRDA:74,5,0,0
BRDA:74,5,1,0
BRDA:78,6,0,0
BRDA:78,6,1,0
BRF:14
BRH:0
end_of_record
TN:
SF:src/services/search/adapters/FirecrawlSearchAdapter.ts
FN:29,(anonymous_0)
FN:33,(anonymous_1)
FN:37,(anonymous_2)
FN:76,(anonymous_3)
FN:83,(anonymous_4)
FN:101,(anonymous_5)
FN:107,(anonymous_6)
FN:141,(anonymous_7)
FN:150,(anonymous_8)
FN:181,(anonymous_9)
FN:210,(anonymous_10)
FN:217,(anonymous_11)
FN:233,(anonymous_12)
FN:255,(anonymous_13)
FN:261,(anonymous_14)
FN:285,(anonymous_15)
FN:295,(anonymous_16)
FN:310,(anonymous_17)
FN:315,(anonymous_18)
FN:321,(anonymous_19)
FN:327,(anonymous_20)
FN:333,(anonymous_21)
FN:363,(anonymous_22)
FN:372,(anonymous_23)
FN:373,(anonymous_24)
FN:389,(anonymous_25)
FN:435,(anonymous_26)
FN:441,(anonymous_27)
FN:454,(anonymous_28)
FN:457,(anonymous_29)
FN:460,(anonymous_30)
FNF:31
FNH:0
FNDA:0,(anonymous_0)
FNDA:0,(anonymous_1)
FNDA:0,(anonymous_2)
FNDA:0,(anonymous_3)
FNDA:0,(anonymous_4)
FNDA:0,(anonymous_5)
FNDA:0,(anonymous_6)
FNDA:0,(anonymous_7)
FNDA:0,(anonymous_8)
FNDA:0,(anonymous_9)
FNDA:0,(anonymous_10)
FNDA:0,(anonymous_11)
FNDA:0,(anonymous_12)
FNDA:0,(anonymous_13)
FNDA:0,(anonymous_14)
FNDA:0,(anonymous_15)
FNDA:0,(anonymous_16)
FNDA:0,(anonymous_17)
FNDA:0,(anonymous_18)
FNDA:0,(anonymous_19)
FNDA:0,(anonymous_20)
FNDA:0,(anonymous_21)
FNDA:0,(anonymous_22)
FNDA:0,(anonymous_23)
FNDA:0,(anonymous_24)
FNDA:0,(anonymous_25)
FNDA:0,(anonymous_26)
FNDA:0,(anonymous_27)
FNDA:0,(anonymous_28)
FNDA:0,(anonymous_29)
FNDA:0,(anonymous_30)
DA:24,0
DA:25,0
DA:26,0
DA:27,0
DA:30,0
DA:34,0
DA:38,0
DA:39,0
DA:42,0
DA:51,0
DA:52,0
DA:57,0
DA:58,0
DA:65,0
DA:67,0
DA:70,0
DA:77,0
DA:78,0
DA:81,0
DA:83,0
DA:84,0
DA:88,0
DA:91,0
DA:92,0
DA:94,0
DA:97,0
DA:102,0
DA:104,0
DA:105,0
DA:107,0
DA:108,0
DA:116,0
DA:117,0
DA:122,0
DA:124,0
DA:129,0
DA:131,0
DA:135,0
DA:142,0
DA:144,0
DA:145,0
DA:147,0
DA:150,0
DA:151,0
DA:165,0
DA:166,0
DA:170,0
DA:171,0
DA:174,0
DA:175,0
DA:176,0
DA:178,0
DA:181,0
DA:190,0
DA:198,0
DA:200,0
DA:204,0
DA:211,0
DA:213,0
DA:214,0
DA:217,0
DA:218,0
DA:224,0
DA:225,0
DA:226,0
DA:230,0
DA:233,0
DA:240,0
DA:245,0
DA:247,0
DA:251,0
DA:256,0
DA:257,0
DA:262,0
DA:264,0
DA:265,0
DA:267,0
DA:270,0
DA:273,0
DA:274,0
DA:276,0
DA:278,0
DA:279,0
DA:280,0
DA:285,0
DA:287,0
DA:292,0
DA:297,0
DA:298,0
DA:299,0
DA:307,0
DA:312,0
DA:316,0
DA:317,0
DA:319,0
DA:320,0
DA:321,0
DA:324,0
DA:328,0
DA:329,0
DA:335,0
DA:337,0
DA:339,0
DA:347,0
DA:348,0
DA:354,0
DA:355,0
DA:364,0
DA:365,0
DA:366,0
DA:367,0
DA:368,0
DA:373,0
DA:374,0
DA:375,0
DA:376,0
DA:379,0
DA:390,0
DA:391,0
DA:392,0
DA:395,0
DA:396,0
DA:399,0
DA:402,0
DA:435,0
DA:437,0
DA:442,0
DA:454,0
DA:460,0
DA:462,0
DA:463,0
DA:465,0
DA:466,0
DA:468,0
DA:469,0
DA:470,0
DA:471,0
DA:475,0
DA:476,0
DA:477,0
DA:478,0
DA:484,0
DA:485,0
DA:488,0
DA:489,0
DA:492,0
DA:493,0
DA:495,0
DA:498,0
LF:149
LH:0
BRDA:30,0,0,0
BRDA:30,0,1,0
BRDA:38,1,0,0
BRDA:38,1,1,0
BRDA:44,2,0,0
BRDA:44,2,1,0
BRDA:45,3,0,0
BRDA:45,3,1,0
BRDA:46,4,0,0
BRDA:46,4,1,0
BRDA:47,5,0,0
BRDA:47,5,1,0
BRDA:48,6,0,0
BRDA:48,6,1,0
BRDA:54,7,0,0
BRDA:54,7,1,0
BRDA:68,8,0,0
BRDA:68,8,1,0
BRDA:71,9,0,0
BRDA:71,9,1,0
BRDA:77,10,0,0
BRDA:77,10,1,0
BRDA:95,11,0,0
BRDA:95,11,1,0
BRDA:116,12,0,0
BRDA:116,12,1,0
BRDA:116,13,0,0
BRDA:116,13,1,0
BRDA:133,14,0,0
BRDA:133,14,1,0
BRDA:136,15,0,0
BRDA:136,15,1,0
BRDA:147,16,0,0
BRDA:147,16,1,0
BRDA:165,17,0,0
BRDA:165,17,1,0
BRDA:165,18,0,0
BRDA:165,18,1,0
BRDA:175,19,0,0
BRDA:175,19,1,0
BRDA:182,20,0,0
BRDA:182,20,1,0
BRDA:182,20,2,0
BRDA:183,21,0,0
BRDA:183,21,1,0
BRDA:185,22,0,0
BRDA:185,22,1,0
BRDA:202,23,0,0
BRDA:202,23,1,0
BRDA:205,24,0,0
BRDA:205,24,1,0
BRDA:219,25,0,0
BRDA:219,25,1,0
BRDA:220,26,0,0
BRDA:220,26,1,0
BRDA:224,27,0,0
BRDA:224,27,1,0
BRDA:224,28,0,0
BRDA:224,28,1,0
BRDA:234,29,0,0
BRDA:234,29,1,0
BRDA:234,29,2,0
BRDA:235,30,0,0
BRDA:235,30,1,0
BRDA:236,31,0,0
BRDA:236,31,1,0
BRDA:237,32,0,0
BRDA:237,32,1,0
BRDA:249,33,0,0
BRDA:249,33,1,0
BRDA:251,34,0,0
BRDA:251,34,1,0
BRDA:256,35,0,0
BRDA:256,35,1,0
BRDA:278,36,0,0
BRDA:278,36,1,0
BRDA:278,37,0,0
BRDA:278,37,1,0
BRDA:283,38,0,0
BRDA:283,38,1,0
BRDA:297,39,0,0
BRDA:297,39,1,0
BRDA:300,40,0,0
BRDA:300,40,1,0
BRDA:300,40,2,0
BRDA:300,40,3,0
BRDA:300,40,4,0
BRDA:319,41,0,0
BRDA:319,41,1,0
BRDA:328,42,0,0
BRDA:328,42,1,0
BRDA:333,43,0,0
BRDA:347,44,0,0
BRDA:347,44,1,0
BRDA:354,45,0,0
BRDA:354,45,1,0
BRDA:365,46,0,0
BRDA:365,46,1,0
BRDA:374,47,0,0
BRDA:374,47,1,0
BRDA:374,47,2,0
BRDA:375,48,0,0
BRDA:375,48,1,0
BRDA:376,49,0,0
BRDA:376,49,1,0
BRDA:380,50,0,0
BRDA:380,50,1,0
BRDA:380,50,2,0
BRDA:380,50,3,0
BRDA:380,50,4,0
BRDA:395,51,0,0
BRDA:395,51,1,0
BRDA:454,52,0,0
BRDA:454,52,1,0
BRDA:462,53,0,0
BRDA:462,53,1,0
BRDA:463,54,0,0
BRDA:463,54,1,0
BRDA:468,55,0,0
BRDA:468,55,1,0
BRDA:470,56,0,0
BRDA:470,56,1,0
BRDA:475,57,0,0
BRDA:475,57,1,0
BRDA:477,58,0,0
BRDA:477,58,1,0
BRDA:488,59,0,0
BRDA:488,59,1,0
BRDA:489,60,0,0
BRDA:489,60,1,0
BRF:130
BRH:0
end_of_record
TN:
SF:src/services/search/adapters/WebScrapingAdapter.ts
FN:35,(anonymous_0)
FN:39,(anonymous_1)
FN:43,(anonymous_2)
FN:67,(anonymous_3)
FN:86,(anonymous_4)
FN:110,(anonymous_5)
FN:168,(anonymous_6)
FN:179,(anonymous_7)
FN:185,(anonymous_8)
FN:232,(anonymous_9)
FN:260,(anonymous_10)
FN:283,(anonymous_11)
FN:288,(anonymous_12)
FN:296,(anonymous_13)
FN:306,(anonymous_14)
FN:350,(anonymous_15)
FN:372,(anonymous_16)
FN:400,(anonymous_17)
FN:428,(anonymous_18)
FN:447,(anonymous_19)
FN:475,(anonymous_20)
FN:488,(anonymous_21)
FN:540,(anonymous_22)
FN:546,(anonymous_23)
FN:553,(anonymous_24)
FNF:25
FNH:0
FNDA:0,(anonymous_0)
FNDA:0,(anonymous_1)
FNDA:0,(anonymous_2)
FNDA:0,(anonymous_3)
FNDA:0,(anonymous_4)
FNDA:0,(anonymous_5)
FNDA:0,(anonymous_6)
FNDA:0,(anonymous_7)
FNDA:0,(anonymous_8)
FNDA:0,(anonymous_9)
FNDA:0,(anonymous_10)
FNDA:0,(anonymous_11)
FNDA:0,(anonymous_12)
FNDA:0,(anonymous_13)
FNDA:0,(anonymous_14)
FNDA:0,(anonymous_15)
FNDA:0,(anonymous_16)
FNDA:0,(anonymous_17)
FNDA:0,(anonymous_18)
FNDA:0,(anonymous_19)
FNDA:0,(anonymous_20)
FNDA:0,(anonymous_21)
FNDA:0,(anonymous_22)
FNDA:0,(anonymous_23)
FNDA:0,(anonymous_24)
DA:32,0
DA:33,0
DA:36,0
DA:40,0
DA:44,0
DA:51,0
DA:63,0
DA:64,0
DA:68,0
DA:69,0
DA:72,0
DA:74,0
DA:77,0
DA:79,0
DA:82,0
DA:87,0
DA:89,0
DA:90,0
DA:91,0
DA:92,0
DA:94,0
DA:95,0
DA:98,0
DA:100,0
DA:104,0
DA:111,0
DA:113,0
DA:114,0
DA:117,0
DA:119,0
DA:120,0
DA:121,0
DA:125,0
DA:127,0
DA:128,0
DA:129,0
DA:130,0
DA:131,0
DA:132,0
DA:142,0
DA:149,0
DA:156,0
DA:158,0
DA:162,0
DA:169,0
DA:172,0
DA:176,0
DA:180,0
DA:181,0
DA:186,0
DA:187,0
DA:189,0
DA:191,0
DA:203,0
DA:204,0
DA:205,0
DA:206,0
DA:207,0
DA:209,0
DA:210,0
DA:213,0
DA:221,0
DA:222,0
DA:224,0
DA:228,0
DA:233,0
DA:234,0
DA:235,0
DA:236,0
DA:239,0
DA:240,0
DA:244,0
DA:259,0
DA:260,0
DA:261,0
DA:262,0
DA:263,0
DA:264,0
DA:265,0
DA:270,0
DA:273,0
DA:275,0
DA:279,0
DA:284,0
DA:285,0
DA:288,0
DA:289,0
DA:290,0
DA:291,0
DA:296,0
DA:297,0
DA:298,0
DA:299,0
DA:303,0
DA:307,0
DA:308,0
DA:309,0
DA:312,0
DA:313,0
DA:314,0
DA:315,0
DA:319,0
DA:320,0
DA:321,0
DA:325,0
DA:329,0
DA:330,0
DA:331,0
DA:333,0
DA:342,0
DA:346,0
DA:351,0
DA:362,0
DA:363,0
DA:364,0
DA:365,0
DA:369,0
DA:373,0
DA:384,0
DA:385,0
DA:386,0
DA:388,0
DA:390,0
DA:391,0
DA:392,0
DA:397,0
DA:401,0
DA:410,0
DA:412,0
DA:413,0
DA:414,0
DA:415,0
DA:416,0
DA:417,0
DA:420,0
DA:425,0
DA:429,0
DA:437,0
DA:438,0
DA:439,0
DA:440,0
DA:444,0
DA:448,0
DA:455,0
DA:456,0
DA:457,0
DA:458,0
DA:463,0
DA:464,0
DA:465,0
DA:466,0
DA:472,0
DA:476,0
DA:477,0
DA:480,0
DA:481,0
DA:482,0
DA:485,0
DA:489,0
DA:490,0
DA:491,0
DA:494,0
DA:495,0
DA:499,0
DA:500,0
DA:504,0
DA:505,0
DA:540,0
DA:542,0
DA:547,0
DA:548,0
DA:549,0
DA:551,0
DA:552,0
DA:553,0
DA:556,0
LF:176
LH:0
BRDA:36,0,0,0
BRDA:36,0,1,0
BRDA:45,1,0,0
BRDA:45,1,1,0
BRDA:46,2,0,0
BRDA:46,2,1,0
BRDA:47,3,0,0
BRDA:47,3,1,0
BRDA:48,4,0,0
BRDA:48,4,1,0
BRDA:68,5,0,0
BRDA:68,5,1,0
BRDA:80,6,0,0
BRDA:80,6,1,0
BRDA:94,7,0,0
BRDA:94,7,1,0
BRDA:102,8,0,0
BRDA:102,8,1,0
BRDA:105,9,0,0
BRDA:105,9,1,0
BRDA:119,10,0,0
BRDA:119,10,1,0
BRDA:131,11,0,0
BRDA:131,11,1,0
BRDA:135,12,0,0
BRDA:135,12,1,0
BRDA:136,13,0,0
BRDA:136,13,1,0
BRDA:137,14,0,0
BRDA:137,14,1,0
BRDA:138,15,0,0
BRDA:138,15,1,0
BRDA:144,16,0,0
BRDA:144,16,1,0
BRDA:160,17,0,0
BRDA:160,17,1,0
BRDA:163,18,0,0
BRDA:163,18,1,0
BRDA:180,19,0,0
BRDA:180,19,1,0
BRDA:186,20,0,0
BRDA:186,20,1,0
BRDA:209,21,0,0
BRDA:209,21,1,0
BRDA:215,22,0,0
BRDA:215,22,1,0
BRDA:226,23,0,0
BRDA:226,23,1,0
BRDA:239,24,0,0
BRDA:239,24,1,0
BRDA:262,25,0,0
BRDA:262,25,1,0
BRDA:264,26,0,0
BRDA:264,26,1,0
BRDA:270,27,0,0
BRDA:270,27,1,0
BRDA:277,28,0,0
BRDA:277,28,1,0
BRDA:290,29,0,0
BRDA:290,29,1,0
BRDA:297,30,0,0
BRDA:297,30,1,0
BRDA:298,31,0,0
BRDA:298,31,1,0
BRDA:298,32,0,0
BRDA:298,32,1,0
BRDA:313,33,0,0
BRDA:313,33,1,0
BRDA:320,34,0,0
BRDA:320,34,1,0
BRDA:320,35,0,0
BRDA:320,35,1,0
BRDA:337,36,0,0
BRDA:337,36,1,0
BRDA:338,37,0,0
BRDA:338,37,1,0
BRDA:339,38,0,0
BRDA:339,38,1,0
BRDA:344,39,0,0
BRDA:344,39,1,0
BRDA:364,40,0,0
BRDA:364,40,1,0
BRDA:364,41,0,0
BRDA:364,41,1,0
BRDA:386,42,0,0
BRDA:386,42,1,0
BRDA:391,43,0,0
BRDA:391,43,1,0
BRDA:391,44,0,0
BRDA:391,44,1,0
BRDA:412,45,0,0
BRDA:412,45,1,0
BRDA:412,45,2,0
BRDA:413,46,0,0
BRDA:413,46,1,0
BRDA:416,47,0,0
BRDA:416,47,1,0
BRDA:438,48,0,0
BRDA:438,48,1,0
BRDA:439,49,0,0
BRDA:439,49,1,0
BRDA:439,50,0,0
BRDA:439,50,1,0
BRDA:456,51,0,0
BRDA:456,51,1,0
BRDA:457,52,0,0
BRDA:457,52,1,0
BRDA:457,53,0,0
BRDA:457,53,1,0
BRDA:463,54,0,0
BRDA:463,54,1,0
BRDA:465,55,0,0
BRDA:465,55,1,0
BRDA:465,56,0,0
BRDA:465,56,1,0
BRDA:466,57,0,0
BRDA:466,57,1,0
BRDA:476,58,0,0
BRDA:476,58,1,0
BRDA:480,59,0,0
BRDA:480,59,1,0
BRDA:494,60,0,0
BRDA:494,60,1,0
BRDA:499,61,0,0
BRDA:499,61,1,0
BRDA:551,62,0,0
BRDA:551,62,1,0
BRF:127
BRH:0
end_of_record
TN:
SF:src/tools/BlogPostGeneratorTool.ts
FN:60,(anonymous_0)
FN:64,(anonymous_1)
FN:115,(anonymous_2)
FN:219,(anonymous_3)
FN:240,(anonymous_4)
FN:252,(anonymous_5)
FN:259,(anonymous_6)
FN:265,(anonymous_7)
FN:266,(anonymous_8)
FN:273,(anonymous_9)
FN:278,(anonymous_10)
FN:294,(anonymous_11)
FN:301,(anonymous_12)
FN:302,(anonymous_13)
FN:305,(anonymous_14)
FN:309,(anonymous_15)
FN:310,(anonymous_16)
FN:316,(anonymous_17)
FN:341,(anonymous_18)
FN:346,(anonymous_19)
FN:371,(anonymous_20)
FN:373,(anonymous_21)
FN:383,(anonymous_22)
FN:411,(anonymous_23)
FN:508,(anonymous_24)
FN:515,(anonymous_25)
FN:549,(anonymous_26)
FN:623,(anonymous_27)
FN:633,(anonymous_28)
FN:636,(anonymous_29)
FN:652,(anonymous_30)
FNF:31
FNH:0
FNDA:0,(anonymous_0)
FNDA:0,(anonymous_1)
FNDA:0,(anonymous_2)
FNDA:0,(anonymous_3)
FNDA:0,(anonymous_4)
FNDA:0,(anonymous_5)
FNDA:0,(anonymous_6)
FNDA:0,(anonymous_7)
FNDA:0,(anonymous_8)
FNDA:0,(anonymous_9)
FNDA:0,(anonymous_10)
FNDA:0,(anonymous_11)
FNDA:0,(anonymous_12)
FNDA:0,(anonymous_13)
FNDA:0,(anonymous_14)
FNDA:0,(anonymous_15)
FNDA:0,(anonymous_16)
FNDA:0,(anonymous_17)
FNDA:0,(anonymous_18)
FNDA:0,(anonymous_19)
FNDA:0,(anonymous_20)
FNDA:0,(anonymous_21)
FNDA:0,(anonymous_22)
FNDA:0,(anonymous_23)
FNDA:0,(anonymous_24)
FNDA:0,(anonymous_25)
FNDA:0,(anonymous_26)
FNDA:0,(anonymous_27)
FNDA:0,(anonymous_28)
FNDA:0,(anonymous_29)
FNDA:0,(anonymous_30)
DA:61,0
DA:65,0
DA:124,0
DA:126,0
DA:127,0
DA:137,0
DA:140,0
DA:143,0
DA:144,0
DA:145,0
DA:146,0
DA:149,0
DA:150,0
DA:151,0
DA:152,0
DA:154,0
DA:155,0
DA:157,0
DA:158,0
DA:164,0
DA:166,0
DA:175,0
DA:188,0
DA:199,0
DA:206,0
DA:208,0
DA:213,0
DA:220,0
DA:222,0
DA:223,0
DA:225,0
DA:231,0
DA:232,0
DA:233,0
DA:235,0
DA:236,0
DA:241,0
DA:242,0
DA:243,0
DA:244,0
DA:246,0
DA:253,0
DA:254,0
DA:255,0
DA:258,0
DA:259,0
DA:262,0
DA:263,0
DA:265,0
DA:266,0
DA:272,0
DA:274,0
DA:275,0
DA:278,0
DA:280,0
DA:281,0
DA:284,0
DA:285,0
DA:287,0
DA:288,0
DA:290,0
DA:295,0
DA:298,0
DA:301,0
DA:302,0
DA:305,0
DA:306,0
DA:309,0
DA:310,0
DA:313,0
DA:317,0
DA:318,0
DA:319,0
DA:322,0
DA:323,0
DA:325,0
DA:326,0
DA:327,0
DA:328,0
DA:330,0
DA:331,0
DA:338,0
DA:340,0
DA:342,0
DA:343,0
DA:346,0
DA:348,0
DA:349,0
DA:350,0
DA:352,0
DA:364,0
DA:366,0
DA:367,0
DA:372,0
DA:373,0
DA:374,0
DA:375,0
DA:394,0
DA:396,0
DA:403,0
DA:408,0
DA:421,0
DA:424,0
DA:452,0
DA:454,0
DA:469,0
DA:470,0
DA:475,0
DA:476,0
DA:485,0
DA:486,0
DA:490,0
DA:491,0
DA:497,0
DA:498,0
DA:508,0
DA:515,0
DA:521,0
DA:546,0
DA:559,0
DA:560,0
DA:561,0
DA:564,0
DA:578,0
DA:579,0
DA:582,0
DA:594,0
DA:595,0
DA:598,0
DA:599,0
DA:601,0
DA:608,0
DA:625,0
DA:633,0
DA:637,0
DA:652,0
DA:665,0
LF:137
LH:0
BRDA:61,0,0,0
BRDA:61,0,1,0
BRDA:120,1,0,0
BRDA:121,2,0,0
BRDA:122,3,0,0
BRDA:123,4,0,0
BRDA:149,5,0,0
BRDA:149,5,1,0
BRDA:152,6,0,0
BRDA:152,6,1,0
BRDA:152,6,2,0
BRDA:154,7,0,0
BRDA:154,7,1,0
BRDA:157,8,0,0
BRDA:157,8,1,0
BRDA:157,9,0,0
BRDA:157,9,1,0
BRDA:194,10,0,0
BRDA:194,10,1,0
BRDA:211,11,0,0
BRDA:211,11,1,0
BRDA:214,12,0,0
BRDA:214,12,1,0
BRDA:259,13,0,0
BRDA:259,13,1,0
BRDA:262,14,0,0
BRDA:262,14,1,0
BRDA:280,15,0,0
BRDA:280,15,1,0
BRDA:287,16,0,0
BRDA:287,16,1,0
BRDA:287,17,0,0
BRDA:287,17,1,0
BRDA:309,18,0,0
BRDA:309,18,1,0
BRDA:330,19,0,0
BRDA:330,19,1,0
BRDA:330,20,0,0
BRDA:330,20,1,0
BRDA:338,21,0,0
BRDA:338,21,1,0
BRDA:348,22,0,0
BRDA:348,22,1,0
BRDA:353,23,0,0
BRDA:353,23,1,0
BRDA:354,24,0,0
BRDA:354,24,1,0
BRDA:355,25,0,0
BRDA:355,25,1,0
BRDA:356,26,0,0
BRDA:356,26,1,0
BRDA:376,27,0,0
BRDA:376,27,1,0
BRDA:376,27,2,0
BRDA:405,28,0,0
BRDA:405,28,1,0
BRDA:405,29,0,0
BRDA:405,29,1,0
BRDA:452,30,0,0
BRDA:452,30,1,0
BRDA:469,31,0,0
BRDA:469,31,1,0
BRDA:475,32,0,0
BRDA:475,32,1,0
BRDA:485,33,0,0
BRDA:485,33,1,0
BRDA:490,34,0,0
BRDA:490,34,1,0
BRDA:497,35,0,0
BRDA:497,35,1,0
BRDA:646,36,0,0
BRDA:646,36,1,0
BRF:72
BRH:0
end_of_record
TN:
SF:src/tools/ContentPlanTool.ts
FN:58,(anonymous_0)
FN:64,(anonymous_1)
FN:100,(anonymous_2)
FN:157,(anonymous_3)
FN:159,(anonymous_4)
FN:167,(anonymous_5)
FN:188,(anonymous_6)
FN:206,(anonymous_7)
FN:226,(anonymous_8)
FN:249,(anonymous_9)
FN:254,(anonymous_10)
FN:276,(anonymous_11)
FN:288,(anonymous_12)
FN:293,(anonymous_13)
FN:308,(anonymous_14)
FN:345,(anonymous_15)
FN:369,(anonymous_16)
FN:393,(anonymous_17)
FN:455,(anonymous_18)
FN:480,(anonymous_19)
FN:506,(anonymous_20)
FN:524,(anonymous_21)
FN:540,(anonymous_22)
FN:551,(anonymous_23)
FN:566,(anonymous_24)
FN:569,(anonymous_25)
FN:572,(anonymous_26)
FNF:27
FNH:0
FNDA:0,(anonymous_0)
FNDA:0,(anonymous_1)
FNDA:0,(anonymous_2)
FNDA:0,(anonymous_3)
FNDA:0,(anonymous_4)
FNDA:0,(anonymous_5)
FNDA:0,(anonymous_6)
FNDA:0,(anonymous_7)
FNDA:0,(anonymous_8)
FNDA:0,(anonymous_9)
FNDA:0,(anonymous_10)
FNDA:0,(anonymous_11)
FNDA:0,(anonymous_12)
FNDA:0,(anonymous_13)
FNDA:0,(anonymous_14)
FNDA:0,(anonymous_15)
FNDA:0,(anonymous_16)
FNDA:0,(anonymous_17)
FNDA:0,(anonymous_18)
FNDA:0,(anonymous_19)
FNDA:0,(anonymous_20)
FNDA:0,(anonymous_21)
FNDA:0,(anonymous_22)
FNDA:0,(anonymous_23)
FNDA:0,(anonymous_24)
FNDA:0,(anonymous_25)
FNDA:0,(anonymous_26)
DA:59,0
DA:65,0
DA:101,0
DA:103,0
DA:104,0
DA:107,0
DA:110,0
DA:111,0
DA:114,0
DA:115,0
DA:116,0
DA:119,0
DA:126,0
DA:137,0
DA:139,0
DA:145,0
DA:147,0
DA:151,0
DA:158,0
DA:159,0
DA:160,0
DA:161,0
DA:168,0
DA:170,0
DA:171,0
DA:173,0
DA:179,0
DA:180,0
DA:181,0
DA:183,0
DA:184,0
DA:189,0
DA:190,0
DA:193,0
DA:194,0
DA:195,0
DA:197,0
DA:199,0
DA:200,0
DA:201,0
DA:202,0
DA:205,0
DA:206,0
DA:214,0
DA:218,0
DA:219,0
DA:221,0
DA:222,0
DA:227,0
DA:228,0
DA:229,0
DA:232,0
DA:233,0
DA:234,0
DA:235,0
DA:236,0
DA:238,0
DA:239,0
DA:246,0
DA:248,0
DA:250,0
DA:251,0
DA:254,0
DA:255,0
DA:256,0
DA:258,0
DA:259,0
DA:261,0
DA:269,0
DA:271,0
DA:272,0
DA:277,0
DA:278,0
DA:279,0
DA:282,0
DA:283,0
DA:285,0
DA:287,0
DA:289,0
DA:290,0
DA:293,0
DA:294,0
DA:295,0
DA:297,0
DA:298,0
DA:301,0
DA:303,0
DA:304,0
DA:317,0
DA:319,0
DA:324,0
DA:329,0
DA:331,0
DA:353,0
DA:355,0
DA:363,0
DA:364,0
DA:369,0
DA:373,0
DA:374,0
DA:386,0
DA:387,0
DA:393,0
DA:398,0
DA:452,0
DA:466,0
DA:468,0
DA:469,0
DA:470,0
DA:473,0
DA:474,0
DA:475,0
DA:477,0
DA:480,0
DA:494,0
DA:502,0
DA:505,0
DA:506,0
DA:525,0
DA:526,0
DA:527,0
DA:534,0
DA:535,0
DA:537,0
DA:541,0
DA:551,0
DA:566,0
DA:569,0
DA:572,0
DA:584,0
LF:130
LH:0
BRDA:59,0,0,0
BRDA:59,0,1,0
BRDA:101,1,0,0
BRDA:101,2,0,0
BRDA:101,3,0,0
BRDA:115,4,0,0
BRDA:115,4,1,0
BRDA:149,5,0,0
BRDA:149,5,1,0
BRDA:152,6,0,0
BRDA:152,6,1,0
BRDA:161,7,0,0
BRDA:161,7,1,0
BRDA:161,7,2,0
BRDA:205,8,0,0
BRDA:205,8,1,0
BRDA:205,9,0,0
BRDA:205,9,1,0
BRDA:207,10,0,0
BRDA:207,10,1,0
BRDA:208,11,0,0
BRDA:208,11,1,0
BRDA:209,12,0,0
BRDA:209,12,1,0
BRDA:210,13,0,0
BRDA:210,13,1,0
BRDA:238,14,0,0
BRDA:238,14,1,0
BRDA:238,15,0,0
BRDA:238,15,1,0
BRDA:246,16,0,0
BRDA:246,16,1,0
BRDA:255,17,0,0
BRDA:255,17,1,0
BRDA:262,18,0,0
BRDA:262,18,1,0
BRDA:263,19,0,0
BRDA:263,19,1,0
BRDA:264,20,0,0
BRDA:264,20,1,0
BRDA:265,21,0,0
BRDA:265,21,1,0
BRDA:285,22,0,0
BRDA:285,22,1,0
BRDA:294,23,0,0
BRDA:294,23,1,0
BRDA:341,24,0,0
BRDA:341,24,1,0
BRDA:359,25,0,0
BRDA:359,25,1,0
BRDA:359,26,0,0
BRDA:359,26,1,0
BRDA:363,27,0,0
BRDA:363,27,1,0
BRDA:373,28,0,0
BRDA:373,28,1,0
BRDA:386,29,0,0
BRDA:386,29,1,0
BRDA:468,30,0,0
BRDA:468,30,1,0
BRDA:469,31,0,0
BRDA:469,31,1,0
BRDA:474,32,0,0
BRDA:474,32,1,0
BRDA:480,33,0,0
BRDA:480,33,1,0
BRDA:481,34,0,0
BRDA:481,34,1,0
BRDA:482,35,0,0
BRDA:482,35,1,0
BRDA:483,36,0,0
BRDA:483,36,1,0
BRDA:484,37,0,0
BRDA:484,37,1,0
BRDA:485,38,0,0
BRDA:485,38,1,0
BRDA:486,39,0,0
BRDA:486,39,1,0
BRDA:487,40,0,0
BRDA:487,40,1,0
BRDA:488,41,0,0
BRDA:488,41,1,0
BRDA:496,42,0,0
BRDA:496,42,1,0
BRDA:497,43,0,0
BRDA:497,43,1,0
BRDA:498,44,0,0
BRDA:498,44,1,0
BRDA:499,45,0,0
BRDA:499,45,1,0
BRDA:547,46,0,0
BRDA:547,46,1,0
BRF:92
BRH:0
end_of_record
TN:
SF:src/tools/GenerateToneTool.ts
FN:35,(anonymous_0)
FN:40,(anonymous_1)
FN:65,(anonymous_2)
FN:124,(anonymous_3)
FN:145,(anonymous_4)
FN:149,(anonymous_5)
FN:159,(anonymous_6)
FN:183,(anonymous_7)
FN:212,(anonymous_8)
FN:218,(anonymous_9)
FN:233,(anonymous_10)
FN:295,(anonymous_11)
FN:360,(anonymous_12)
FN:365,(anonymous_13)
FNF:14
FNH:0
FNDA:0,(anonymous_0)
FNDA:0,(anonymous_1)
FNDA:0,(anonymous_2)
FNDA:0,(anonymous_3)
FNDA:0,(anonymous_4)
FNDA:0,(anonymous_5)
FNDA:0,(anonymous_6)
FNDA:0,(anonymous_7)
FNDA:0,(anonymous_8)
FNDA:0,(anonymous_9)
FNDA:0,(anonymous_10)
FNDA:0,(anonymous_11)
FNDA:0,(anonymous_12)
FNDA:0,(anonymous_13)
DA:36,0
DA:37,0
DA:41,0
DA:66,0
DA:68,0
DA:69,0
DA:72,0
DA:75,0
DA:76,0
DA:79,0
DA:80,0
DA:81,0
DA:82,0
DA:86,0
DA:88,0
DA:95,0
DA:96,0
DA:99,0
DA:108,0
DA:110,0
DA:112,0
DA:114,0
DA:118,0
DA:125,0
DA:127,0
DA:128,0
DA:130,0
DA:136,0
DA:137,0
DA:138,0
DA:140,0
DA:141,0
DA:146,0
DA:150,0
DA:151,0
DA:152,0
DA:155,0
DA:167,0
DA:168,0
DA:171,0
DA:172,0
DA:174,0
DA:175,0
DA:177,0
DA:178,0
DA:183,0
DA:185,0
DA:187,0
DA:188,0
DA:190,0
DA:191,0
DA:197,0
DA:198,0
DA:202,0
DA:203,0
DA:204,0
DA:206,0
DA:207,0
DA:212,0
DA:215,0
DA:223,0
DA:225,0
DA:230,0
DA:235,0
DA:237,0
DA:239,0
DA:249,0
DA:253,0
DA:256,0
DA:257,0
DA:258,0
DA:260,0
DA:261,0
DA:264,0
DA:277,0
DA:278,0
DA:283,0
DA:284,0
DA:288,0
DA:292,0
DA:299,0
DA:301,0
DA:302,0
DA:303,0
DA:306,0
DA:309,0
DA:310,0
DA:311,0
DA:312,0
DA:316,0
DA:324,0
DA:325,0
DA:326,0
DA:329,0
DA:330,0
DA:333,0
DA:335,0
DA:340,0
DA:347,0
DA:348,0
DA:349,0
DA:352,0
DA:353,0
DA:356,0
DA:361,0
DA:362,0
DA:366,0
DA:368,0
DA:391,0
DA:392,0
DA:398,0
DA:399,0
DA:405,0
DA:406,0
DA:412,0
DA:413,0
DA:422,0
LF:117
LH:0
BRDA:36,0,0,0
BRDA:36,0,1,0
BRDA:66,1,0,0
BRDA:80,2,0,0
BRDA:80,2,1,0
BRDA:116,3,0,0
BRDA:116,3,1,0
BRDA:119,4,0,0
BRDA:119,4,1,0
BRDA:168,5,0,0
BRDA:168,5,1,0
BRDA:171,6,0,0
BRDA:171,6,1,0
BRDA:171,7,0,0
BRDA:171,7,1,0
BRDA:177,8,0,0
BRDA:177,8,1,0
BRDA:190,9,0,0
BRDA:190,9,1,0
BRDA:197,10,0,0
BRDA:197,10,1,0
BRDA:197,11,0,0
BRDA:197,11,1,0
BRDA:206,12,0,0
BRDA:206,12,1,0
BRDA:226,13,0,0
BRDA:226,13,1,0
BRDA:226,14,0,0
BRDA:226,14,1,0
BRDA:237,15,0,0
BRDA:237,15,1,0
BRDA:257,16,0,0
BRDA:257,16,1,0
BRDA:257,17,0,0
BRDA:257,17,1,0
BRDA:260,18,0,0
BRDA:260,18,1,0
BRDA:277,19,0,0
BRDA:277,19,1,0
BRDA:277,20,0,0
BRDA:277,20,1,0
BRDA:283,21,0,0
BRDA:283,21,1,0
BRDA:302,22,0,0
BRDA:302,22,1,0
BRDA:311,23,0,0
BRDA:311,23,1,0
BRDA:324,24,0,0
BRDA:324,24,1,0
BRDA:324,25,0,0
BRDA:324,25,1,0
BRDA:325,26,0,0
BRDA:325,26,1,0
BRDA:326,27,0,0
BRDA:326,27,1,0
BRDA:329,28,0,0
BRDA:329,28,1,0
BRDA:330,29,0,0
BRDA:330,29,1,0
BRDA:336,30,0,0
BRDA:336,30,1,0
BRDA:347,31,0,0
BRDA:347,31,1,0
BRDA:347,32,0,0
BRDA:347,32,1,0
BRDA:352,33,0,0
BRDA:352,33,1,0
BRDA:366,34,0,0
BRDA:366,34,1,0
BRDA:391,35,0,0
BRDA:391,35,1,0
BRDA:398,36,0,0
BRDA:398,36,1,0
BRDA:405,37,0,0
BRDA:405,37,1,0
BRF:75
BRH:0
end_of_record
TN:
SF:src/tools/NarrativeGeneratorTool.ts
FN:71,(anonymous_0)
FN:76,(anonymous_1)
FN:105,(anonymous_2)
FN:130,(anonymous_3)
FN:132,(anonymous_4)
FN:193,(anonymous_5)
FN:214,(anonymous_6)
FN:220,(anonymous_7)
FN:229,(anonymous_8)
FN:234,(anonymous_9)
FN:249,(anonymous_10)
FN:255,(anonymous_11)
FN:259,(anonymous_12)
FN:264,(anonymous_13)
FN:274,(anonymous_14)
FN:297,(anonymous_15)
FN:322,(anonymous_16)
FN:327,(anonymous_17)
FN:352,(anonymous_18)
FN:354,(anonymous_19)
FN:362,(anonymous_20)
FN:388,(anonymous_21)
FN:521,(anonymous_22)
FN:538,(anonymous_23)
FN:571,(anonymous_24)
FN:573,(anonymous_25)
FN:576,(anonymous_26)
FN:597,(anonymous_27)
FN:614,(anonymous_28)
FN:622,(anonymous_29)
FNF:30
FNH:0
FNDA:0,(anonymous_0)
FNDA:0,(anonymous_1)
FNDA:0,(anonymous_2)
FNDA:0,(anonymous_3)
FNDA:0,(anonymous_4)
FNDA:0,(anonymous_5)
FNDA:0,(anonymous_6)
FNDA:0,(anonymous_7)
FNDA:0,(anonymous_8)
FNDA:0,(anonymous_9)
FNDA:0,(anonymous_10)
FNDA:0,(anonymous_11)
FNDA:0,(anonymous_12)
FNDA:0,(anonymous_13)
FNDA:0,(anonymous_14)
FNDA:0,(anonymous_15)
FNDA:0,(anonymous_16)
FNDA:0,(anonymous_17)
FNDA:0,(anonymous_18)
FNDA:0,(anonymous_19)
FNDA:0,(anonymous_20)
FNDA:0,(anonymous_21)
FNDA:0,(anonymous_22)
FNDA:0,(anonymous_23)
FNDA:0,(anonymous_24)
FNDA:0,(anonymous_25)
FNDA:0,(anonymous_26)
FNDA:0,(anonymous_27)
FNDA:0,(anonymous_28)
FNDA:0,(anonymous_29)
DA:72,0
DA:77,0
DA:106,0
DA:108,0
DA:109,0
DA:112,0
DA:115,0
DA:116,0
DA:117,0
DA:118,0
DA:119,0
DA:124,0
DA:125,0
DA:126,0
DA:130,0
DA:131,0
DA:132,0
DA:136,0
DA:138,0
DA:146,0
DA:155,0
DA:158,0
DA:171,0
DA:173,0
DA:180,0
DA:182,0
DA:187,0
DA:194,0
DA:196,0
DA:197,0
DA:199,0
DA:205,0
DA:206,0
DA:207,0
DA:209,0
DA:210,0
DA:215,0
DA:216,0
DA:217,0
DA:220,0
DA:221,0
DA:226,0
DA:228,0
DA:230,0
DA:231,0
DA:234,0
DA:236,0
DA:237,0
DA:238,0
DA:242,0
DA:244,0
DA:245,0
DA:250,0
DA:251,0
DA:252,0
DA:255,0
DA:257,0
DA:258,0
DA:260,0
DA:261,0
DA:264,0
DA:266,0
DA:267,0
DA:268,0
DA:271,0
DA:274,0
DA:290,0
DA:292,0
DA:293,0
DA:298,0
DA:299,0
DA:300,0
DA:303,0
DA:304,0
DA:306,0
DA:307,0
DA:308,0
DA:309,0
DA:311,0
DA:312,0
DA:319,0
DA:321,0
DA:323,0
DA:324,0
DA:327,0
DA:329,0
DA:330,0
DA:331,0
DA:333,0
DA:345,0
DA:347,0
DA:348,0
DA:353,0
DA:354,0
DA:355,0
DA:356,0
DA:369,0
DA:371,0
DA:377,0
DA:382,0
DA:394,0
DA:397,0
DA:415,0
DA:417,0
DA:435,0
DA:436,0
DA:445,0
DA:446,0
DA:450,0
DA:451,0
DA:456,0
DA:518,0
DA:522,0
DA:524,0
DA:525,0
DA:526,0
DA:529,0
DA:530,0
DA:531,0
DA:533,0
DA:536,0
DA:538,0
DA:548,0
DA:550,0
DA:553,0
DA:555,0
DA:572,0
DA:573,0
DA:577,0
DA:578,0
DA:579,0
DA:586,0
DA:587,0
DA:594,0
DA:598,0
DA:614,0
DA:622,0
DA:640,0
LF:138
LH:0
BRDA:72,0,0,0
BRDA:72,0,1,0
BRDA:106,1,0,0
BRDA:106,2,0,0
BRDA:115,3,0,0
BRDA:115,3,1,0
BRDA:117,4,0,0
BRDA:117,4,1,0
BRDA:125,5,0,0
BRDA:125,5,1,0
BRDA:131,6,0,0
BRDA:131,6,1,0
BRDA:185,7,0,0
BRDA:185,7,1,0
BRDA:188,8,0,0
BRDA:188,8,1,0
BRDA:221,9,0,0
BRDA:221,9,1,0
BRDA:221,9,2,0
BRDA:226,10,0,0
BRDA:226,10,1,0
BRDA:236,11,0,0
BRDA:236,11,1,0
BRDA:257,12,0,0
BRDA:257,12,1,0
BRDA:266,13,0,0
BRDA:266,13,1,0
BRDA:275,14,0,0
BRDA:275,14,1,0
BRDA:278,15,0,0
BRDA:278,15,1,0
BRDA:279,16,0,0
BRDA:279,16,1,0
BRDA:280,17,0,0
BRDA:280,17,1,0
BRDA:281,18,0,0
BRDA:281,18,1,0
BRDA:282,19,0,0
BRDA:282,19,1,0
BRDA:283,20,0,0
BRDA:283,20,1,0
BRDA:311,21,0,0
BRDA:311,21,1,0
BRDA:311,22,0,0
BRDA:311,22,1,0
BRDA:319,23,0,0
BRDA:319,23,1,0
BRDA:329,24,0,0
BRDA:329,24,1,0
BRDA:334,25,0,0
BRDA:334,25,1,0
BRDA:335,26,0,0
BRDA:335,26,1,0
BRDA:336,27,0,0
BRDA:336,27,1,0
BRDA:337,28,0,0
BRDA:337,28,1,0
BRDA:356,29,0,0
BRDA:356,29,1,0
BRDA:356,29,2,0
BRDA:378,30,0,0
BRDA:378,30,1,0
BRDA:378,31,0,0
BRDA:378,31,1,0
BRDA:379,32,0,0
BRDA:379,32,1,0
BRDA:435,33,0,0
BRDA:435,33,1,0
BRDA:445,34,0,0
BRDA:445,34,1,0
BRDA:450,35,0,0
BRDA:450,35,1,0
BRDA:463,36,0,0
BRDA:463,36,1,0
BRDA:463,37,0,0
BRDA:463,37,1,0
BRDA:498,38,0,0
BRDA:498,38,1,0
BRDA:504,39,0,0
BRDA:504,39,1,0
BRDA:524,40,0,0
BRDA:524,40,1,0
BRDA:525,41,0,0
BRDA:525,41,1,0
BRDA:530,42,0,0
BRDA:530,42,1,0
BRDA:537,43,0,0
BRDA:537,43,1,0
BRDA:538,44,0,0
BRDA:538,44,1,0
BRDA:539,45,0,0
BRDA:539,45,1,0
BRDA:540,46,0,0
BRDA:540,46,1,0
BRDA:542,47,0,0
BRDA:542,47,1,0
BRDA:543,48,0,0
BRDA:543,48,1,0
BRDA:544,49,0,0
BRDA:544,49,1,0
BRDA:545,50,0,0
BRDA:545,50,1,0
BRDA:560,51,0,0
BRDA:560,51,1,0
BRDA:572,52,0,0
BRDA:572,52,1,0
BRDA:627,53,0,0
BRDA:627,53,1,0
BRF:108
BRH:0
end_of_record
TN:
SF:src/tools/SampleTool.ts
FN:42,(anonymous_0)
FN:47,(anonymous_1)
FN:80,(anonymous_2)
FN:109,(anonymous_3)
FN:140,(anonymous_4)
FN:161,(anonymous_5)
FN:175,(anonymous_6)
FN:178,(anonymous_7)
FN:221,(anonymous_8)
FN:271,(anonymous_9)
FN:280,(anonymous_10)
FN:303,(anonymous_11)
FN:308,(anonymous_12)
FNF:13
FNH:0
FNDA:0,(anonymous_0)
FNDA:0,(anonymous_1)
FNDA:0,(anonymous_2)
FNDA:0,(anonymous_3)
FNDA:0,(anonymous_4)
FNDA:0,(anonymous_5)
FNDA:0,(anonymous_6)
FNDA:0,(anonymous_7)
FNDA:0,(anonymous_8)
FNDA:0,(anonymous_9)
FNDA:0,(anonymous_10)
FNDA:0,(anonymous_11)
FNDA:0,(anonymous_12)
DA:43,0
DA:44,0
DA:48,0
DA:81,0
DA:83,0
DA:84,0
DA:87,0
DA:90,0
DA:91,0
DA:93,0
DA:94,0
DA:99,0
DA:102,0
DA:103,0
DA:106,0
DA:109,0
DA:121,0
DA:123,0
DA:128,0
DA:130,0
DA:134,0
DA:141,0
DA:143,0
DA:144,0
DA:146,0
DA:152,0
DA:153,0
DA:154,0
DA:156,0
DA:157,0
DA:165,0
DA:167,0
DA:172,0
DA:176,0
DA:179,0
DA:187,0
DA:222,0
DA:224,0
DA:225,0
DA:226,0
DA:229,0
DA:232,0
DA:240,0
DA:241,0
DA:242,0
DA:246,0
DA:255,0
DA:260,0
DA:272,0
DA:273,0
DA:274,0
DA:276,0
DA:277,0
DA:281,0
DA:303,0
DA:309,0
LF:56
LH:0
BRDA:43,0,0,0
BRDA:43,0,1,0
BRDA:81,1,0,0
BRDA:93,2,0,0
BRDA:93,2,1,0
BRDA:110,3,0,0
BRDA:110,3,1,0
BRDA:112,4,0,0
BRDA:112,4,1,0
BRDA:113,5,0,0
BRDA:113,5,1,0
BRDA:114,6,0,0
BRDA:114,6,1,0
BRDA:132,7,0,0
BRDA:132,7,1,0
BRDA:135,8,0,0
BRDA:135,8,1,0
BRDA:179,9,0,0
BRDA:179,9,1,0
BRDA:181,10,0,0
BRDA:181,10,1,0
BRDA:182,11,0,0
BRDA:182,11,1,0
BRDA:183,12,0,0
BRDA:183,12,1,0
BRDA:225,13,0,0
BRDA:225,13,1,0
BRDA:241,14,0,0
BRDA:241,14,1,0
BRDA:250,15,0,0
BRDA:250,15,1,0
BRDA:256,16,0,0
BRDA:256,16,1,0
BRDA:309,17,0,0
BRDA:309,17,1,0
BRDA:309,18,0,0
BRDA:309,18,1,0
BRDA:309,19,0,0
BRDA:309,19,1,0
BRF:39
BRH:0
end_of_record
TN:
SF:src/tools/SummarizeTool.ts
FN:25,(anonymous_0)
FN:30,(anonymous_1)
FN:48,(anonymous_2)
FN:118,(anonymous_3)
FN:129,(anonymous_4)
FN:150,(anonymous_5)
FN:154,(anonymous_6)
FN:164,(anonymous_7)
FN:179,(anonymous_8)
FN:208,(anonymous_9)
FN:223,(anonymous_10)
FN:232,(anonymous_11)
FN:244,(anonymous_12)
FN:249,(anonymous_13)
FNF:14
FNH:0
FNDA:0,(anonymous_0)
FNDA:0,(anonymous_1)
FNDA:0,(anonymous_2)
FNDA:0,(anonymous_3)
FNDA:0,(anonymous_4)
FNDA:0,(anonymous_5)
FNDA:0,(anonymous_6)
FNDA:0,(anonymous_7)
FNDA:0,(anonymous_8)
FNDA:0,(anonymous_9)
FNDA:0,(anonymous_10)
FNDA:0,(anonymous_11)
FNDA:0,(anonymous_12)
FNDA:0,(anonymous_13)
DA:26,0
DA:27,0
DA:31,0
DA:49,0
DA:51,0
DA:52,0
DA:55,0
DA:58,0
DA:61,0
DA:62,0
DA:65,0
DA:66,0
DA:67,0
DA:68,0
DA:72,0
DA:73,0
DA:75,0
DA:76,0
DA:81,0
DA:87,0
DA:90,0
DA:91,0
DA:94,0
DA:102,0
DA:104,0
DA:106,0
DA:108,0
DA:112,0
DA:119,0
DA:120,0
DA:121,0
DA:122,0
DA:125,0
DA:130,0
DA:132,0
DA:133,0
DA:135,0
DA:141,0
DA:142,0
DA:143,0
DA:145,0
DA:146,0
DA:151,0
DA:155,0
DA:156,0
DA:157,0
DA:160,0
DA:169,0
DA:171,0
DA:176,0
DA:181,0
DA:183,0
DA:185,0
DA:210,0
DA:212,0
DA:213,0
DA:215,0
DA:216,0
DA:221,0
DA:222,0
DA:223,0
DA:224,0
DA:225,0
DA:226,0
DA:228,0
DA:232,0
DA:234,0
DA:238,0
DA:241,0
DA:245,0
DA:246,0
DA:250,0
LF:72
LH:0
BRDA:26,0,0,0
BRDA:26,0,1,0
BRDA:66,1,0,0
BRDA:66,1,1,0
BRDA:75,2,0,0
BRDA:75,2,1,0
BRDA:110,3,0,0
BRDA:110,3,1,0
BRDA:113,4,0,0
BRDA:113,4,1,0
BRDA:121,5,0,0
BRDA:121,5,1,0
BRDA:183,6,0,0
BRDA:183,6,1,0
BRDA:215,7,0,0
BRDA:215,7,1,0
BRDA:215,8,0,0
BRDA:215,8,1,0
BRDA:215,8,2,0
BRDA:224,9,0,0
BRDA:224,9,1,0
BRDA:226,10,0,0
BRDA:226,10,1,0
BRF:23
BRH:0
end_of_record
TN:
SF:src/utils/logger.ts
FN:12,createLogger
FN:29,(anonymous_1)
FNF:2
FNH:0
FNDA:0,createLogger
FNDA:0,(anonymous_1)
DA:13,0
DA:30,0
DA:31,0
DA:46,0
LF:4
LH:0
BRDA:22,0,0,0
BRDA:22,0,1,0
BRDA:30,1,0,0
BRDA:30,1,1,0
BRF:4
BRH:0
end_of_record
